[2014-12-02 12:30:01] local.ERROR: exception 'BadMethodCallException' with message 'Call to undefined method Illuminate\Database\Query\Builder::productOnlySubProductsQuery()' in Z:\home\test1.ru\www\veer\vendor\laravel\framework\src\Illuminate\Database\Query\Builder.php:1993
Stack trace:
#0 [internal function]: Illuminate\Database\Query\Builder->__call('productOnlySubP...', Array)
#1 [internal function]: Illuminate\Database\Query\Builder->productOnlySubProductsQuery(1, '1', Array)
#2 Z:\home\test1.ru\www\veer\vendor\laravel\framework\src\Illuminate\Database\Eloquent\Builder.php(919): call_user_func_array(Array, Array)
#3 [internal function]: Illuminate\Database\Eloquent\Builder->__call('productOnlySubP...', Array)
#4 [internal function]: Illuminate\Database\Eloquent\Builder->productOnlySubProductsQuery(1, '1', Array)
#5 Z:\home\test1.ru\www\veer\vendor\laravel\framework\src\Illuminate\Database\Eloquent\Model.php(3001): call_user_func_array(Array, Array)
#6 Z:\home\test1.ru\www\veer\app\controllers\ProductController.php(61): Illuminate\Database\Eloquent\Model->__call('productOnlySubP...', Array)
#7 Z:\home\test1.ru\www\veer\app\controllers\ProductController.php(61): Veer\Models\Product->productOnlySubProductsQuery(1, '1', Array)
#8 [internal function]: ProductController->show('1')
#9 Z:\home\test1.ru\www\veer\vendor\laravel\framework\src\Illuminate\Routing\Controller.php(231): call_user_func_array(Array, Array)
#10 Z:\home\test1.ru\www\veer\vendor\laravel\framework\src\Illuminate\Routing\ControllerDispatcher.php(93): Illuminate\Routing\Controller->callAction('show', Array)
#11 Z:\home\test1.ru\www\veer\vendor\laravel\framework\src\Illuminate\Routing\ControllerDispatcher.php(62): Illuminate\Routing\ControllerDispatcher->call(Object(ProductController), Object(Illuminate\Routing\Route), 'show')
#12 Z:\home\test1.ru\www\veer\vendor\laravel\framework\src\Illuminate\Routing\Router.php(934): Illuminate\Routing\ControllerDispatcher->dispatch(Object(Illuminate\Routing\Route), Object(Illuminate\Http\Request), 'ProductControll...', 'show')
#13 [internal function]: Illuminate\Routing\{closure}('1')
#14 Z:\home\test1.ru\www\veer\vendor\laravel\framework\src\Illuminate\Routing\Route.php(104): call_user_func_array(Object(Closure), Array)
#15 Z:\home\test1.ru\www\veer\vendor\laravel\framework\src\Illuminate\Routing\Router.php(1000): Illuminate\Routing\Route->run(Object(Illuminate\Http\Request))
#16 Z:\home\test1.ru\www\veer\vendor\laravel\framework\src\Illuminate\Routing\Router.php(968): Illuminate\Routing\Router->dispatchToRoute(Object(Illuminate\Http\Request))
#17 Z:\home\test1.ru\www\veer\vendor\laravel\framework\src\Illuminate\Foundation\Application.php(738): Illuminate\Routing\Router->dispatch(Object(Illuminate\Http\Request))
#18 Z:\home\test1.ru\www\veer\vendor\laravel\framework\src\Illuminate\Foundation\Application.php(708): Illuminate\Foundation\Application->dispatch(Object(Illuminate\Http\Request))
#19 Z:\home\test1.ru\www\veer\vendor\laravel\framework\src\Illuminate\Http\FrameGuard.php(38): Illuminate\Foundation\Application->handle(Object(Illuminate\Http\Request), 1, true)
#20 Z:\home\test1.ru\www\veer\vendor\laravel\framework\src\Illuminate\Session\Middleware.php(72): Illuminate\Http\FrameGuard->handle(Object(Illuminate\Http\Request), 1, true)
#21 Z:\home\test1.ru\www\veer\vendor\laravel\framework\src\Illuminate\Cookie\Queue.php(47): Illuminate\Session\Middleware->handle(Object(Illuminate\Http\Request), 1, true)
#22 Z:\home\test1.ru\www\veer\vendor\laravel\framework\src\Illuminate\Cookie\Guard.php(51): Illuminate\Cookie\Queue->handle(Object(Illuminate\Http\Request), 1, true)
#23 Z:\home\test1.ru\www\veer\vendor\stack\builder\src\Stack\StackedHttpKernel.php(23): Illuminate\Cookie\Guard->handle(Object(Illuminate\Http\Request), 1, true)
#24 Z:\home\test1.ru\www\veer\vendor\laravel\framework\src\Illuminate\Foundation\Application.php(606): Stack\StackedHttpKernel->handle(Object(Illuminate\Http\Request))
#25 Z:\home\test1.ru\www\veer\index.php(16): Illuminate\Foundation\Application->run()
#26 {main} [] []
[2014-12-02 12:30:02] local.ALERT: Slowness detected: 4.9137:  {"queries":4,"loading":6.0449,"memory":"12,267,672","mem.veer":"5,142,328","version":"0.1.7-alpha"} []
[2014-12-02 12:30:02] local.INFO: Queries:  [{"query":"select `conf_val`, `conf_key` from `configuration` where `configuration`.`deleted_at` is null and `sites_id` = ?","bindings":[1],"time":77.74},{"query":"select * from `components` where `components`.`deleted_at` is null and `sites_id` = ? and (`route_name` = ? or `route_name` = ?)","bindings":[1,"product.show","GLOBAL"],"time":1.09},{"query":"select * from `products` where `products`.`deleted_at` is null and (select count(*) from `categories` inner join `categories_connect` on `categories`.`id` = `categories_connect`.`categories_id` where `categories`.`deleted_at` is null and `categories_connect`.`elements_id` = `products`.`id` and `categories_connect`.`elements_type` = ? and `sites_id` = ? and `categories`.`deleted_at` is null) >= 1 and `id` = ? and `status` != ? and `to_show` < ? limit 1","bindings":["Veer\\Models\\Product",1,"1","hide","2014-12-02 12:30:01"],"time":3.38},{"query":"select `categories`.*, `categories_connect`.`elements_id` as `pivot_elements_id`, `categories_connect`.`categories_id` as `pivot_categories_id` from `categories` inner join `categories_connect` on `categories`.`id` = `categories_connect`.`categories_id` where `categories`.`deleted_at` is null and `categories_connect`.`elements_id` in (?) and `categories_connect`.`elements_type` = ? and `sites_id` = ?","bindings":[1,"Veer\\Models\\Product",1],"time":1.07}] []
[2014-12-02 12:31:42] local.ERROR: exception 'BadMethodCallException' with message 'Call to undefined method Illuminate\Database\Query\Builder::productOnlySubProductsQuery()' in Z:\home\test1.ru\www\veer\vendor\laravel\framework\src\Illuminate\Database\Query\Builder.php:1993
Stack trace:
#0 [internal function]: Illuminate\Database\Query\Builder->__call('productOnlySubP...', Array)
#1 [internal function]: Illuminate\Database\Query\Builder->productOnlySubProductsQuery(1, '1', Array)
#2 Z:\home\test1.ru\www\veer\vendor\laravel\framework\src\Illuminate\Database\Eloquent\Builder.php(919): call_user_func_array(Array, Array)
#3 [internal function]: Illuminate\Database\Eloquent\Builder->__call('productOnlySubP...', Array)
#4 [internal function]: Illuminate\Database\Eloquent\Builder->productOnlySubProductsQuery(1, '1', Array)
#5 Z:\home\test1.ru\www\veer\vendor\laravel\framework\src\Illuminate\Database\Eloquent\Model.php(3001): call_user_func_array(Array, Array)
#6 [internal function]: Illuminate\Database\Eloquent\Model->__call('productOnlySubP...', Array)
#7 [internal function]: Veer\Models\Product->productOnlySubProductsQuery(1, '1', Array)
#8 Z:\home\test1.ru\www\veer\vendor\laravel\framework\src\Illuminate\Database\Eloquent\Model.php(3015): call_user_func_array(Array, Array)
#9 Z:\home\test1.ru\www\veer\app\controllers\ProductController.php(61): Illuminate\Database\Eloquent\Model::__callStatic('productOnlySubP...', Array)
#10 Z:\home\test1.ru\www\veer\app\controllers\ProductController.php(61): Veer\Models\Product::productOnlySubProductsQuery(1, '1', Array)
#11 [internal function]: ProductController->show('1')
#12 Z:\home\test1.ru\www\veer\vendor\laravel\framework\src\Illuminate\Routing\Controller.php(231): call_user_func_array(Array, Array)
#13 Z:\home\test1.ru\www\veer\vendor\laravel\framework\src\Illuminate\Routing\ControllerDispatcher.php(93): Illuminate\Routing\Controller->callAction('show', Array)
#14 Z:\home\test1.ru\www\veer\vendor\laravel\framework\src\Illuminate\Routing\ControllerDispatcher.php(62): Illuminate\Routing\ControllerDispatcher->call(Object(ProductController), Object(Illuminate\Routing\Route), 'show')
#15 Z:\home\test1.ru\www\veer\vendor\laravel\framework\src\Illuminate\Routing\Router.php(934): Illuminate\Routing\ControllerDispatcher->dispatch(Object(Illuminate\Routing\Route), Object(Illuminate\Http\Request), 'ProductControll...', 'show')
#16 [internal function]: Illuminate\Routing\{closure}('1')
#17 Z:\home\test1.ru\www\veer\vendor\laravel\framework\src\Illuminate\Routing\Route.php(104): call_user_func_array(Object(Closure), Array)
#18 Z:\home\test1.ru\www\veer\vendor\laravel\framework\src\Illuminate\Routing\Router.php(1000): Illuminate\Routing\Route->run(Object(Illuminate\Http\Request))
#19 Z:\home\test1.ru\www\veer\vendor\laravel\framework\src\Illuminate\Routing\Router.php(968): Illuminate\Routing\Router->dispatchToRoute(Object(Illuminate\Http\Request))
#20 Z:\home\test1.ru\www\veer\vendor\laravel\framework\src\Illuminate\Foundation\Application.php(738): Illuminate\Routing\Router->dispatch(Object(Illuminate\Http\Request))
#21 Z:\home\test1.ru\www\veer\vendor\laravel\framework\src\Illuminate\Foundation\Application.php(708): Illuminate\Foundation\Application->dispatch(Object(Illuminate\Http\Request))
#22 Z:\home\test1.ru\www\veer\vendor\laravel\framework\src\Illuminate\Http\FrameGuard.php(38): Illuminate\Foundation\Application->handle(Object(Illuminate\Http\Request), 1, true)
#23 Z:\home\test1.ru\www\veer\vendor\laravel\framework\src\Illuminate\Session\Middleware.php(72): Illuminate\Http\FrameGuard->handle(Object(Illuminate\Http\Request), 1, true)
#24 Z:\home\test1.ru\www\veer\vendor\laravel\framework\src\Illuminate\Cookie\Queue.php(47): Illuminate\Session\Middleware->handle(Object(Illuminate\Http\Request), 1, true)
#25 Z:\home\test1.ru\www\veer\vendor\laravel\framework\src\Illuminate\Cookie\Guard.php(51): Illuminate\Cookie\Queue->handle(Object(Illuminate\Http\Request), 1, true)
#26 Z:\home\test1.ru\www\veer\vendor\stack\builder\src\Stack\StackedHttpKernel.php(23): Illuminate\Cookie\Guard->handle(Object(Illuminate\Http\Request), 1, true)
#27 Z:\home\test1.ru\www\veer\vendor\laravel\framework\src\Illuminate\Foundation\Application.php(606): Stack\StackedHttpKernel->handle(Object(Illuminate\Http\Request))
#28 Z:\home\test1.ru\www\veer\index.php(16): Illuminate\Foundation\Application->run()
#29 {main} [] []
[2014-12-02 12:32:34] local.ERROR: exception 'BadMethodCallException' with message 'Call to undefined method Illuminate\Database\Query\Builder::productOnlyParentProductsQuery()' in Z:\home\test1.ru\www\veer\vendor\laravel\framework\src\Illuminate\Database\Query\Builder.php:1993
Stack trace:
#0 [internal function]: Illuminate\Database\Query\Builder->__call('productOnlyPare...', Array)
#1 [internal function]: Illuminate\Database\Query\Builder->productOnlyParentProductsQuery(1, '1', Array)
#2 Z:\home\test1.ru\www\veer\vendor\laravel\framework\src\Illuminate\Database\Eloquent\Builder.php(919): call_user_func_array(Array, Array)
#3 [internal function]: Illuminate\Database\Eloquent\Builder->__call('productOnlyPare...', Array)
#4 [internal function]: Illuminate\Database\Eloquent\Builder->productOnlyParentProductsQuery(1, '1', Array)
#5 Z:\home\test1.ru\www\veer\vendor\laravel\framework\src\Illuminate\Database\Eloquent\Model.php(3001): call_user_func_array(Array, Array)
#6 Z:\home\test1.ru\www\veer\app\controllers\ProductController.php(63): Illuminate\Database\Eloquent\Model->__call('productOnlyPare...', Array)
#7 Z:\home\test1.ru\www\veer\app\controllers\ProductController.php(63): Veer\Models\Product->productOnlyParentProductsQuery(1, '1', Array)
#8 [internal function]: ProductController->show('1')
#9 Z:\home\test1.ru\www\veer\vendor\laravel\framework\src\Illuminate\Routing\Controller.php(231): call_user_func_array(Array, Array)
#10 Z:\home\test1.ru\www\veer\vendor\laravel\framework\src\Illuminate\Routing\ControllerDispatcher.php(93): Illuminate\Routing\Controller->callAction('show', Array)
#11 Z:\home\test1.ru\www\veer\vendor\laravel\framework\src\Illuminate\Routing\ControllerDispatcher.php(62): Illuminate\Routing\ControllerDispatcher->call(Object(ProductController), Object(Illuminate\Routing\Route), 'show')
#12 Z:\home\test1.ru\www\veer\vendor\laravel\framework\src\Illuminate\Routing\Router.php(934): Illuminate\Routing\ControllerDispatcher->dispatch(Object(Illuminate\Routing\Route), Object(Illuminate\Http\Request), 'ProductControll...', 'show')
#13 [internal function]: Illuminate\Routing\{closure}('1')
#14 Z:\home\test1.ru\www\veer\vendor\laravel\framework\src\Illuminate\Routing\Route.php(104): call_user_func_array(Object(Closure), Array)
#15 Z:\home\test1.ru\www\veer\vendor\laravel\framework\src\Illuminate\Routing\Router.php(1000): Illuminate\Routing\Route->run(Object(Illuminate\Http\Request))
#16 Z:\home\test1.ru\www\veer\vendor\laravel\framework\src\Illuminate\Routing\Router.php(968): Illuminate\Routing\Router->dispatchToRoute(Object(Illuminate\Http\Request))
#17 Z:\home\test1.ru\www\veer\vendor\laravel\framework\src\Illuminate\Foundation\Application.php(738): Illuminate\Routing\Router->dispatch(Object(Illuminate\Http\Request))
#18 Z:\home\test1.ru\www\veer\vendor\laravel\framework\src\Illuminate\Foundation\Application.php(708): Illuminate\Foundation\Application->dispatch(Object(Illuminate\Http\Request))
#19 Z:\home\test1.ru\www\veer\vendor\laravel\framework\src\Illuminate\Http\FrameGuard.php(38): Illuminate\Foundation\Application->handle(Object(Illuminate\Http\Request), 1, true)
#20 Z:\home\test1.ru\www\veer\vendor\laravel\framework\src\Illuminate\Session\Middleware.php(72): Illuminate\Http\FrameGuard->handle(Object(Illuminate\Http\Request), 1, true)
#21 Z:\home\test1.ru\www\veer\vendor\laravel\framework\src\Illuminate\Cookie\Queue.php(47): Illuminate\Session\Middleware->handle(Object(Illuminate\Http\Request), 1, true)
#22 Z:\home\test1.ru\www\veer\vendor\laravel\framework\src\Illuminate\Cookie\Guard.php(51): Illuminate\Cookie\Queue->handle(Object(Illuminate\Http\Request), 1, true)
#23 Z:\home\test1.ru\www\veer\vendor\stack\builder\src\Stack\StackedHttpKernel.php(23): Illuminate\Cookie\Guard->handle(Object(Illuminate\Http\Request), 1, true)
#24 Z:\home\test1.ru\www\veer\vendor\laravel\framework\src\Illuminate\Foundation\Application.php(606): Stack\StackedHttpKernel->handle(Object(Illuminate\Http\Request))
#25 Z:\home\test1.ru\www\veer\index.php(16): Illuminate\Foundation\Application->run()
#26 {main} [] []
[2014-12-02 12:33:40] local.ERROR: exception 'BadMethodCallException' with message 'Call to undefined method Illuminate\Database\Query\Builder::productOnlySubProductsQuery()' in Z:\home\test1.ru\www\veer\vendor\laravel\framework\src\Illuminate\Database\Query\Builder.php:1993
Stack trace:
#0 [internal function]: Illuminate\Database\Query\Builder->__call('productOnlySubP...', Array)
#1 [internal function]: Illuminate\Database\Query\Builder->productOnlySubProductsQuery(1, '1', Array)
#2 Z:\home\test1.ru\www\veer\vendor\laravel\framework\src\Illuminate\Database\Eloquent\Builder.php(919): call_user_func_array(Array, Array)
#3 [internal function]: Illuminate\Database\Eloquent\Builder->__call('productOnlySubP...', Array)
#4 [internal function]: Illuminate\Database\Eloquent\Builder->productOnlySubProductsQuery(1, '1', Array)
#5 Z:\home\test1.ru\www\veer\vendor\laravel\framework\src\Illuminate\Database\Eloquent\Model.php(3001): call_user_func_array(Array, Array)
#6 [internal function]: Illuminate\Database\Eloquent\Model->__call('productOnlySubP...', Array)
#7 [internal function]: Veer\Models\Product->productOnlySubProductsQuery(1, '1', Array)
#8 Z:\home\test1.ru\www\veer\vendor\laravel\framework\src\Illuminate\Database\Eloquent\Model.php(3015): call_user_func_array(Array, Array)
#9 Z:\home\test1.ru\www\veer\app\controllers\ProductController.php(61): Illuminate\Database\Eloquent\Model::__callStatic('productOnlySubP...', Array)
#10 Z:\home\test1.ru\www\veer\app\controllers\ProductController.php(61): Veer\Models\Product::productOnlySubProductsQuery(1, '1', Array)
#11 [internal function]: ProductController->show('1')
#12 Z:\home\test1.ru\www\veer\vendor\laravel\framework\src\Illuminate\Routing\Controller.php(231): call_user_func_array(Array, Array)
#13 Z:\home\test1.ru\www\veer\vendor\laravel\framework\src\Illuminate\Routing\ControllerDispatcher.php(93): Illuminate\Routing\Controller->callAction('show', Array)
#14 Z:\home\test1.ru\www\veer\vendor\laravel\framework\src\Illuminate\Routing\ControllerDispatcher.php(62): Illuminate\Routing\ControllerDispatcher->call(Object(ProductController), Object(Illuminate\Routing\Route), 'show')
#15 Z:\home\test1.ru\www\veer\vendor\laravel\framework\src\Illuminate\Routing\Router.php(934): Illuminate\Routing\ControllerDispatcher->dispatch(Object(Illuminate\Routing\Route), Object(Illuminate\Http\Request), 'ProductControll...', 'show')
#16 [internal function]: Illuminate\Routing\{closure}('1')
#17 Z:\home\test1.ru\www\veer\vendor\laravel\framework\src\Illuminate\Routing\Route.php(104): call_user_func_array(Object(Closure), Array)
#18 Z:\home\test1.ru\www\veer\vendor\laravel\framework\src\Illuminate\Routing\Router.php(1000): Illuminate\Routing\Route->run(Object(Illuminate\Http\Request))
#19 Z:\home\test1.ru\www\veer\vendor\laravel\framework\src\Illuminate\Routing\Router.php(968): Illuminate\Routing\Router->dispatchToRoute(Object(Illuminate\Http\Request))
#20 Z:\home\test1.ru\www\veer\vendor\laravel\framework\src\Illuminate\Foundation\Application.php(738): Illuminate\Routing\Router->dispatch(Object(Illuminate\Http\Request))
#21 Z:\home\test1.ru\www\veer\vendor\laravel\framework\src\Illuminate\Foundation\Application.php(708): Illuminate\Foundation\Application->dispatch(Object(Illuminate\Http\Request))
#22 Z:\home\test1.ru\www\veer\vendor\laravel\framework\src\Illuminate\Http\FrameGuard.php(38): Illuminate\Foundation\Application->handle(Object(Illuminate\Http\Request), 1, true)
#23 Z:\home\test1.ru\www\veer\vendor\laravel\framework\src\Illuminate\Session\Middleware.php(72): Illuminate\Http\FrameGuard->handle(Object(Illuminate\Http\Request), 1, true)
#24 Z:\home\test1.ru\www\veer\vendor\laravel\framework\src\Illuminate\Cookie\Queue.php(47): Illuminate\Session\Middleware->handle(Object(Illuminate\Http\Request), 1, true)
#25 Z:\home\test1.ru\www\veer\vendor\laravel\framework\src\Illuminate\Cookie\Guard.php(51): Illuminate\Cookie\Queue->handle(Object(Illuminate\Http\Request), 1, true)
#26 Z:\home\test1.ru\www\veer\vendor\stack\builder\src\Stack\StackedHttpKernel.php(23): Illuminate\Cookie\Guard->handle(Object(Illuminate\Http\Request), 1, true)
#27 Z:\home\test1.ru\www\veer\vendor\laravel\framework\src\Illuminate\Foundation\Application.php(606): Stack\StackedHttpKernel->handle(Object(Illuminate\Http\Request))
#28 Z:\home\test1.ru\www\veer\index.php(16): Illuminate\Foundation\Application->run()
#29 {main} [] []
[2014-12-02 12:33:50] local.ERROR: exception 'BadMethodCallException' with message 'Call to undefined method Illuminate\Database\Query\Builder::productOnlySubProductsQuery()' in Z:\home\test1.ru\www\veer\vendor\laravel\framework\src\Illuminate\Database\Query\Builder.php:1993
Stack trace:
#0 [internal function]: Illuminate\Database\Query\Builder->__call('productOnlySubP...', Array)
#1 [internal function]: Illuminate\Database\Query\Builder->productOnlySubProductsQuery(1, '1', Array)
#2 Z:\home\test1.ru\www\veer\vendor\laravel\framework\src\Illuminate\Database\Eloquent\Builder.php(919): call_user_func_array(Array, Array)
#3 [internal function]: Illuminate\Database\Eloquent\Builder->__call('productOnlySubP...', Array)
#4 [internal function]: Illuminate\Database\Eloquent\Builder->productOnlySubProductsQuery(1, '1', Array)
#5 Z:\home\test1.ru\www\veer\vendor\laravel\framework\src\Illuminate\Database\Eloquent\Model.php(3001): call_user_func_array(Array, Array)
#6 Z:\home\test1.ru\www\veer\app\controllers\ProductController.php(61): Illuminate\Database\Eloquent\Model->__call('productOnlySubP...', Array)
#7 Z:\home\test1.ru\www\veer\app\controllers\ProductController.php(61): Veer\Models\Product->productOnlySubProductsQuery(1, '1', Array)
#8 [internal function]: ProductController->show('1')
#9 Z:\home\test1.ru\www\veer\vendor\laravel\framework\src\Illuminate\Routing\Controller.php(231): call_user_func_array(Array, Array)
#10 Z:\home\test1.ru\www\veer\vendor\laravel\framework\src\Illuminate\Routing\ControllerDispatcher.php(93): Illuminate\Routing\Controller->callAction('show', Array)
#11 Z:\home\test1.ru\www\veer\vendor\laravel\framework\src\Illuminate\Routing\ControllerDispatcher.php(62): Illuminate\Routing\ControllerDispatcher->call(Object(ProductController), Object(Illuminate\Routing\Route), 'show')
#12 Z:\home\test1.ru\www\veer\vendor\laravel\framework\src\Illuminate\Routing\Router.php(934): Illuminate\Routing\ControllerDispatcher->dispatch(Object(Illuminate\Routing\Route), Object(Illuminate\Http\Request), 'ProductControll...', 'show')
#13 [internal function]: Illuminate\Routing\{closure}('1')
#14 Z:\home\test1.ru\www\veer\vendor\laravel\framework\src\Illuminate\Routing\Route.php(104): call_user_func_array(Object(Closure), Array)
#15 Z:\home\test1.ru\www\veer\vendor\laravel\framework\src\Illuminate\Routing\Router.php(1000): Illuminate\Routing\Route->run(Object(Illuminate\Http\Request))
#16 Z:\home\test1.ru\www\veer\vendor\laravel\framework\src\Illuminate\Routing\Router.php(968): Illuminate\Routing\Router->dispatchToRoute(Object(Illuminate\Http\Request))
#17 Z:\home\test1.ru\www\veer\vendor\laravel\framework\src\Illuminate\Foundation\Application.php(738): Illuminate\Routing\Router->dispatch(Object(Illuminate\Http\Request))
#18 Z:\home\test1.ru\www\veer\vendor\laravel\framework\src\Illuminate\Foundation\Application.php(708): Illuminate\Foundation\Application->dispatch(Object(Illuminate\Http\Request))
#19 Z:\home\test1.ru\www\veer\vendor\laravel\framework\src\Illuminate\Http\FrameGuard.php(38): Illuminate\Foundation\Application->handle(Object(Illuminate\Http\Request), 1, true)
#20 Z:\home\test1.ru\www\veer\vendor\laravel\framework\src\Illuminate\Session\Middleware.php(72): Illuminate\Http\FrameGuard->handle(Object(Illuminate\Http\Request), 1, true)
#21 Z:\home\test1.ru\www\veer\vendor\laravel\framework\src\Illuminate\Cookie\Queue.php(47): Illuminate\Session\Middleware->handle(Object(Illuminate\Http\Request), 1, true)
#22 Z:\home\test1.ru\www\veer\vendor\laravel\framework\src\Illuminate\Cookie\Guard.php(51): Illuminate\Cookie\Queue->handle(Object(Illuminate\Http\Request), 1, true)
#23 Z:\home\test1.ru\www\veer\vendor\stack\builder\src\Stack\StackedHttpKernel.php(23): Illuminate\Cookie\Guard->handle(Object(Illuminate\Http\Request), 1, true)
#24 Z:\home\test1.ru\www\veer\vendor\laravel\framework\src\Illuminate\Foundation\Application.php(606): Stack\StackedHttpKernel->handle(Object(Illuminate\Http\Request))
#25 Z:\home\test1.ru\www\veer\index.php(16): Illuminate\Foundation\Application->run()
#26 {main} [] []
[2014-12-02 12:37:58] local.ERROR: exception 'ErrorException' with message 'Undefined variable: VeerDb' in Z:\home\test1.ru\www\veer\app\controllers\ProductController.php:62
Stack trace:
#0 Z:\home\test1.ru\www\veer\app\controllers\ProductController.php(62): Illuminate\Exception\Handler->handleError(8, 'Undefined varia...', 'Z:\home\test1.r...', 62, Array)
#1 [internal function]: ProductController->show('1')
#2 Z:\home\test1.ru\www\veer\vendor\laravel\framework\src\Illuminate\Routing\Controller.php(231): call_user_func_array(Array, Array)
#3 Z:\home\test1.ru\www\veer\vendor\laravel\framework\src\Illuminate\Routing\ControllerDispatcher.php(93): Illuminate\Routing\Controller->callAction('show', Array)
#4 Z:\home\test1.ru\www\veer\vendor\laravel\framework\src\Illuminate\Routing\ControllerDispatcher.php(62): Illuminate\Routing\ControllerDispatcher->call(Object(ProductController), Object(Illuminate\Routing\Route), 'show')
#5 Z:\home\test1.ru\www\veer\vendor\laravel\framework\src\Illuminate\Routing\Router.php(934): Illuminate\Routing\ControllerDispatcher->dispatch(Object(Illuminate\Routing\Route), Object(Illuminate\Http\Request), 'ProductControll...', 'show')
#6 [internal function]: Illuminate\Routing\{closure}('1')
#7 Z:\home\test1.ru\www\veer\vendor\laravel\framework\src\Illuminate\Routing\Route.php(104): call_user_func_array(Object(Closure), Array)
#8 Z:\home\test1.ru\www\veer\vendor\laravel\framework\src\Illuminate\Routing\Router.php(1000): Illuminate\Routing\Route->run(Object(Illuminate\Http\Request))
#9 Z:\home\test1.ru\www\veer\vendor\laravel\framework\src\Illuminate\Routing\Router.php(968): Illuminate\Routing\Router->dispatchToRoute(Object(Illuminate\Http\Request))
#10 Z:\home\test1.ru\www\veer\vendor\laravel\framework\src\Illuminate\Foundation\Application.php(738): Illuminate\Routing\Router->dispatch(Object(Illuminate\Http\Request))
#11 Z:\home\test1.ru\www\veer\vendor\laravel\framework\src\Illuminate\Foundation\Application.php(708): Illuminate\Foundation\Application->dispatch(Object(Illuminate\Http\Request))
#12 Z:\home\test1.ru\www\veer\vendor\laravel\framework\src\Illuminate\Http\FrameGuard.php(38): Illuminate\Foundation\Application->handle(Object(Illuminate\Http\Request), 1, true)
#13 Z:\home\test1.ru\www\veer\vendor\laravel\framework\src\Illuminate\Session\Middleware.php(72): Illuminate\Http\FrameGuard->handle(Object(Illuminate\Http\Request), 1, true)
#14 Z:\home\test1.ru\www\veer\vendor\laravel\framework\src\Illuminate\Cookie\Queue.php(47): Illuminate\Session\Middleware->handle(Object(Illuminate\Http\Request), 1, true)
#15 Z:\home\test1.ru\www\veer\vendor\laravel\framework\src\Illuminate\Cookie\Guard.php(51): Illuminate\Cookie\Queue->handle(Object(Illuminate\Http\Request), 1, true)
#16 Z:\home\test1.ru\www\veer\vendor\stack\builder\src\Stack\StackedHttpKernel.php(23): Illuminate\Cookie\Guard->handle(Object(Illuminate\Http\Request), 1, true)
#17 Z:\home\test1.ru\www\veer\vendor\laravel\framework\src\Illuminate\Foundation\Application.php(606): Stack\StackedHttpKernel->handle(Object(Illuminate\Http\Request))
#18 Z:\home\test1.ru\www\veer\index.php(16): Illuminate\Foundation\Application->run()
#19 {main} [] []
[2014-12-02 12:53:57] local.ERROR: exception 'BadMethodCallException' with message 'Call to undefined method Illuminate\Database\Query\Builder::pageOnlySubPagesQuery()' in Z:\home\test1.ru\www\veer\vendor\laravel\framework\src\Illuminate\Database\Query\Builder.php:1993
Stack trace:
#0 [internal function]: Illuminate\Database\Query\Builder->__call('pageOnlySubPage...', Array)
#1 [internal function]: Illuminate\Database\Query\Builder->pageOnlySubPagesQuery(1, '1', Array)
#2 Z:\home\test1.ru\www\veer\vendor\laravel\framework\src\Illuminate\Database\Eloquent\Builder.php(919): call_user_func_array(Array, Array)
#3 [internal function]: Illuminate\Database\Eloquent\Builder->__call('pageOnlySubPage...', Array)
#4 [internal function]: Illuminate\Database\Eloquent\Builder->pageOnlySubPagesQuery(1, '1', Array)
#5 Z:\home\test1.ru\www\veer\vendor\laravel\framework\src\Illuminate\Database\Eloquent\Model.php(3001): call_user_func_array(Array, Array)
#6 Z:\home\test1.ru\www\veer\app\controllers\PageController.php(56): Illuminate\Database\Eloquent\Model->__call('pageOnlySubPage...', Array)
#7 Z:\home\test1.ru\www\veer\app\controllers\PageController.php(56): Veer\Models\Page->pageOnlySubPagesQuery(1, '1', Array)
#8 [internal function]: PageController->show('1')
#9 Z:\home\test1.ru\www\veer\vendor\laravel\framework\src\Illuminate\Routing\Controller.php(231): call_user_func_array(Array, Array)
#10 Z:\home\test1.ru\www\veer\vendor\laravel\framework\src\Illuminate\Routing\ControllerDispatcher.php(93): Illuminate\Routing\Controller->callAction('show', Array)
#11 Z:\home\test1.ru\www\veer\vendor\laravel\framework\src\Illuminate\Routing\ControllerDispatcher.php(62): Illuminate\Routing\ControllerDispatcher->call(Object(PageController), Object(Illuminate\Routing\Route), 'show')
#12 Z:\home\test1.ru\www\veer\vendor\laravel\framework\src\Illuminate\Routing\Router.php(934): Illuminate\Routing\ControllerDispatcher->dispatch(Object(Illuminate\Routing\Route), Object(Illuminate\Http\Request), 'PageController', 'show')
#13 [internal function]: Illuminate\Routing\{closure}('1')
#14 Z:\home\test1.ru\www\veer\vendor\laravel\framework\src\Illuminate\Routing\Route.php(104): call_user_func_array(Object(Closure), Array)
#15 Z:\home\test1.ru\www\veer\vendor\laravel\framework\src\Illuminate\Routing\Router.php(1000): Illuminate\Routing\Route->run(Object(Illuminate\Http\Request))
#16 Z:\home\test1.ru\www\veer\vendor\laravel\framework\src\Illuminate\Routing\Router.php(968): Illuminate\Routing\Router->dispatchToRoute(Object(Illuminate\Http\Request))
#17 Z:\home\test1.ru\www\veer\vendor\laravel\framework\src\Illuminate\Foundation\Application.php(738): Illuminate\Routing\Router->dispatch(Object(Illuminate\Http\Request))
#18 Z:\home\test1.ru\www\veer\vendor\laravel\framework\src\Illuminate\Foundation\Application.php(708): Illuminate\Foundation\Application->dispatch(Object(Illuminate\Http\Request))
#19 Z:\home\test1.ru\www\veer\vendor\laravel\framework\src\Illuminate\Http\FrameGuard.php(38): Illuminate\Foundation\Application->handle(Object(Illuminate\Http\Request), 1, true)
#20 Z:\home\test1.ru\www\veer\vendor\laravel\framework\src\Illuminate\Session\Middleware.php(72): Illuminate\Http\FrameGuard->handle(Object(Illuminate\Http\Request), 1, true)
#21 Z:\home\test1.ru\www\veer\vendor\laravel\framework\src\Illuminate\Cookie\Queue.php(47): Illuminate\Session\Middleware->handle(Object(Illuminate\Http\Request), 1, true)
#22 Z:\home\test1.ru\www\veer\vendor\laravel\framework\src\Illuminate\Cookie\Guard.php(51): Illuminate\Cookie\Queue->handle(Object(Illuminate\Http\Request), 1, true)
#23 Z:\home\test1.ru\www\veer\vendor\stack\builder\src\Stack\StackedHttpKernel.php(23): Illuminate\Cookie\Guard->handle(Object(Illuminate\Http\Request), 1, true)
#24 Z:\home\test1.ru\www\veer\vendor\laravel\framework\src\Illuminate\Foundation\Application.php(606): Stack\StackedHttpKernel->handle(Object(Illuminate\Http\Request))
#25 Z:\home\test1.ru\www\veer\index.php(16): Illuminate\Foundation\Application->run()
#26 {main} [] []
[2014-12-02 13:04:23] local.ERROR: exception 'ErrorException' with message 'Undefined property: Veer\Lib\VeerApp::$template' in Z:\home\test1.ru\www\veer\app\controllers\UserController.php:115
Stack trace:
#0 Z:\home\test1.ru\www\veer\app\controllers\UserController.php(115): Illuminate\Exception\Handler->handleError(8, 'Undefined prope...', 'Z:\home\test1.r...', 115, Array)
#1 [internal function]: UserController->login()
#2 Z:\home\test1.ru\www\veer\vendor\laravel\framework\src\Illuminate\Routing\Controller.php(231): call_user_func_array(Array, Array)
#3 Z:\home\test1.ru\www\veer\vendor\laravel\framework\src\Illuminate\Routing\ControllerDispatcher.php(93): Illuminate\Routing\Controller->callAction('login', Array)
#4 Z:\home\test1.ru\www\veer\vendor\laravel\framework\src\Illuminate\Routing\ControllerDispatcher.php(62): Illuminate\Routing\ControllerDispatcher->call(Object(UserController), Object(Illuminate\Routing\Route), 'login')
#5 Z:\home\test1.ru\www\veer\vendor\laravel\framework\src\Illuminate\Routing\Router.php(934): Illuminate\Routing\ControllerDispatcher->dispatch(Object(Illuminate\Routing\Route), Object(Illuminate\Http\Request), 'UserController', 'login')
#6 [internal function]: Illuminate\Routing\{closure}()
#7 Z:\home\test1.ru\www\veer\vendor\laravel\framework\src\Illuminate\Routing\Route.php(104): call_user_func_array(Object(Closure), Array)
#8 Z:\home\test1.ru\www\veer\vendor\laravel\framework\src\Illuminate\Routing\Router.php(1000): Illuminate\Routing\Route->run(Object(Illuminate\Http\Request))
#9 Z:\home\test1.ru\www\veer\vendor\laravel\framework\src\Illuminate\Routing\Router.php(968): Illuminate\Routing\Router->dispatchToRoute(Object(Illuminate\Http\Request))
#10 Z:\home\test1.ru\www\veer\vendor\laravel\framework\src\Illuminate\Foundation\Application.php(738): Illuminate\Routing\Router->dispatch(Object(Illuminate\Http\Request))
#11 Z:\home\test1.ru\www\veer\vendor\laravel\framework\src\Illuminate\Foundation\Application.php(708): Illuminate\Foundation\Application->dispatch(Object(Illuminate\Http\Request))
#12 Z:\home\test1.ru\www\veer\vendor\laravel\framework\src\Illuminate\Http\FrameGuard.php(38): Illuminate\Foundation\Application->handle(Object(Illuminate\Http\Request), 1, true)
#13 Z:\home\test1.ru\www\veer\vendor\laravel\framework\src\Illuminate\Session\Middleware.php(72): Illuminate\Http\FrameGuard->handle(Object(Illuminate\Http\Request), 1, true)
#14 Z:\home\test1.ru\www\veer\vendor\laravel\framework\src\Illuminate\Cookie\Queue.php(47): Illuminate\Session\Middleware->handle(Object(Illuminate\Http\Request), 1, true)
#15 Z:\home\test1.ru\www\veer\vendor\laravel\framework\src\Illuminate\Cookie\Guard.php(51): Illuminate\Cookie\Queue->handle(Object(Illuminate\Http\Request), 1, true)
#16 Z:\home\test1.ru\www\veer\vendor\stack\builder\src\Stack\StackedHttpKernel.php(23): Illuminate\Cookie\Guard->handle(Object(Illuminate\Http\Request), 1, true)
#17 Z:\home\test1.ru\www\veer\vendor\laravel\framework\src\Illuminate\Foundation\Application.php(606): Stack\StackedHttpKernel->handle(Object(Illuminate\Http\Request))
#18 Z:\home\test1.ru\www\veer\index.php(16): Illuminate\Foundation\Application->run()
#19 {main} [] []
[2014-12-02 13:04:52] local.ERROR: exception 'ErrorException' with message 'Undefined property: Veer\Lib\VeerApp::$template' in Z:\home\test1.ru\www\veer\app\controllers\UserController.php:146
Stack trace:
#0 Z:\home\test1.ru\www\veer\app\controllers\UserController.php(146): Illuminate\Exception\Handler->handleError(8, 'Undefined prope...', 'Z:\home\test1.r...', 146, Array)
#1 [internal function]: UserController->loginPost()
#2 Z:\home\test1.ru\www\veer\vendor\laravel\framework\src\Illuminate\Routing\Controller.php(231): call_user_func_array(Array, Array)
#3 Z:\home\test1.ru\www\veer\vendor\laravel\framework\src\Illuminate\Routing\ControllerDispatcher.php(93): Illuminate\Routing\Controller->callAction('loginPost', Array)
#4 Z:\home\test1.ru\www\veer\vendor\laravel\framework\src\Illuminate\Routing\ControllerDispatcher.php(62): Illuminate\Routing\ControllerDispatcher->call(Object(UserController), Object(Illuminate\Routing\Route), 'loginPost')
#5 Z:\home\test1.ru\www\veer\vendor\laravel\framework\src\Illuminate\Routing\Router.php(934): Illuminate\Routing\ControllerDispatcher->dispatch(Object(Illuminate\Routing\Route), Object(Illuminate\Http\Request), 'UserController', 'loginPost')
#6 [internal function]: Illuminate\Routing\{closure}()
#7 Z:\home\test1.ru\www\veer\vendor\laravel\framework\src\Illuminate\Routing\Route.php(104): call_user_func_array(Object(Closure), Array)
#8 Z:\home\test1.ru\www\veer\vendor\laravel\framework\src\Illuminate\Routing\Router.php(1000): Illuminate\Routing\Route->run(Object(Illuminate\Http\Request))
#9 Z:\home\test1.ru\www\veer\vendor\laravel\framework\src\Illuminate\Routing\Router.php(968): Illuminate\Routing\Router->dispatchToRoute(Object(Illuminate\Http\Request))
#10 Z:\home\test1.ru\www\veer\vendor\laravel\framework\src\Illuminate\Foundation\Application.php(738): Illuminate\Routing\Router->dispatch(Object(Illuminate\Http\Request))
#11 Z:\home\test1.ru\www\veer\vendor\laravel\framework\src\Illuminate\Foundation\Application.php(708): Illuminate\Foundation\Application->dispatch(Object(Illuminate\Http\Request))
#12 Z:\home\test1.ru\www\veer\vendor\laravel\framework\src\Illuminate\Http\FrameGuard.php(38): Illuminate\Foundation\Application->handle(Object(Illuminate\Http\Request), 1, true)
#13 Z:\home\test1.ru\www\veer\vendor\laravel\framework\src\Illuminate\Session\Middleware.php(72): Illuminate\Http\FrameGuard->handle(Object(Illuminate\Http\Request), 1, true)
#14 Z:\home\test1.ru\www\veer\vendor\laravel\framework\src\Illuminate\Cookie\Queue.php(47): Illuminate\Session\Middleware->handle(Object(Illuminate\Http\Request), 1, true)
#15 Z:\home\test1.ru\www\veer\vendor\laravel\framework\src\Illuminate\Cookie\Guard.php(51): Illuminate\Cookie\Queue->handle(Object(Illuminate\Http\Request), 1, true)
#16 Z:\home\test1.ru\www\veer\vendor\stack\builder\src\Stack\StackedHttpKernel.php(23): Illuminate\Cookie\Guard->handle(Object(Illuminate\Http\Request), 1, true)
#17 Z:\home\test1.ru\www\veer\vendor\laravel\framework\src\Illuminate\Foundation\Application.php(606): Stack\StackedHttpKernel->handle(Object(Illuminate\Http\Request))
#18 Z:\home\test1.ru\www\veer\index.php(16): Illuminate\Foundation\Application->run()
#19 {main} [] []
[2014-12-02 13:07:12] local.ERROR: exception 'Symfony\Component\Debug\Exception\FatalErrorException' with message 'syntax error, unexpected ':'' in Z:\home\test1.ru\www\veer\app\controllers\UserController.php:143
Stack trace:
#0 [internal function]: Illuminate\Exception\Handler->handleShutdown()
#1 {main} [] []
