[2014-12-01 03:14:35] local.ERROR: exception 'ErrorException' with message 'Trying to get property of non-object' in Z:\home\test1.ru\www\veer\app\controllers\IndexController.php:12
Stack trace:
#0 Z:\home\test1.ru\www\veer\app\controllers\IndexController.php(12): Illuminate\Exception\Handler->handleError(8, 'Trying to get p...', 'Z:\home\test1.r...', 12, Array)
#1 [internal function]: IndexController->index()
#2 Z:\home\test1.ru\www\veer\vendor\laravel\framework\src\Illuminate\Routing\Controller.php(231): call_user_func_array(Array, Array)
#3 Z:\home\test1.ru\www\veer\vendor\laravel\framework\src\Illuminate\Routing\ControllerDispatcher.php(93): Illuminate\Routing\Controller->callAction('index', Array)
#4 Z:\home\test1.ru\www\veer\vendor\laravel\framework\src\Illuminate\Routing\ControllerDispatcher.php(62): Illuminate\Routing\ControllerDispatcher->call(Object(IndexController), Object(Illuminate\Routing\Route), 'index')
#5 Z:\home\test1.ru\www\veer\vendor\laravel\framework\src\Illuminate\Routing\Router.php(934): Illuminate\Routing\ControllerDispatcher->dispatch(Object(Illuminate\Routing\Route), Object(Illuminate\Http\Request), 'IndexController', 'index')
#6 [internal function]: Illuminate\Routing\{closure}()
#7 Z:\home\test1.ru\www\veer\vendor\laravel\framework\src\Illuminate\Routing\Route.php(104): call_user_func_array(Object(Closure), Array)
#8 Z:\home\test1.ru\www\veer\vendor\laravel\framework\src\Illuminate\Routing\Router.php(1000): Illuminate\Routing\Route->run(Object(Illuminate\Http\Request))
#9 Z:\home\test1.ru\www\veer\vendor\laravel\framework\src\Illuminate\Routing\Router.php(968): Illuminate\Routing\Router->dispatchToRoute(Object(Illuminate\Http\Request))
#10 Z:\home\test1.ru\www\veer\vendor\laravel\framework\src\Illuminate\Foundation\Application.php(738): Illuminate\Routing\Router->dispatch(Object(Illuminate\Http\Request))
#11 Z:\home\test1.ru\www\veer\vendor\laravel\framework\src\Illuminate\Foundation\Application.php(708): Illuminate\Foundation\Application->dispatch(Object(Illuminate\Http\Request))
#12 Z:\home\test1.ru\www\veer\vendor\laravel\framework\src\Illuminate\Http\FrameGuard.php(38): Illuminate\Foundation\Application->handle(Object(Illuminate\Http\Request), 1, true)
#13 Z:\home\test1.ru\www\veer\vendor\laravel\framework\src\Illuminate\Session\Middleware.php(72): Illuminate\Http\FrameGuard->handle(Object(Illuminate\Http\Request), 1, true)
#14 Z:\home\test1.ru\www\veer\vendor\laravel\framework\src\Illuminate\Cookie\Queue.php(47): Illuminate\Session\Middleware->handle(Object(Illuminate\Http\Request), 1, true)
#15 Z:\home\test1.ru\www\veer\vendor\laravel\framework\src\Illuminate\Cookie\Guard.php(51): Illuminate\Cookie\Queue->handle(Object(Illuminate\Http\Request), 1, true)
#16 Z:\home\test1.ru\www\veer\vendor\stack\builder\src\Stack\StackedHttpKernel.php(23): Illuminate\Cookie\Guard->handle(Object(Illuminate\Http\Request), 1, true)
#17 Z:\home\test1.ru\www\veer\vendor\laravel\framework\src\Illuminate\Foundation\Application.php(606): Stack\StackedHttpKernel->handle(Object(Illuminate\Http\Request))
#18 Z:\home\test1.ru\www\veer\index.php(16): Illuminate\Foundation\Application->run()
#19 {main} [] []
[2014-12-01 03:16:17] local.ERROR: exception 'ErrorException' with message 'Undefined property: Veer\Lib\VeerApp::$template' in Z:\home\test1.ru\www\veer\app\controllers\IndexController.php:14
Stack trace:
#0 Z:\home\test1.ru\www\veer\app\controllers\IndexController.php(14): Illuminate\Exception\Handler->handleError(8, 'Undefined prope...', 'Z:\home\test1.r...', 14, Array)
#1 [internal function]: IndexController->index()
#2 Z:\home\test1.ru\www\veer\vendor\laravel\framework\src\Illuminate\Routing\Controller.php(231): call_user_func_array(Array, Array)
#3 Z:\home\test1.ru\www\veer\vendor\laravel\framework\src\Illuminate\Routing\ControllerDispatcher.php(93): Illuminate\Routing\Controller->callAction('index', Array)
#4 Z:\home\test1.ru\www\veer\vendor\laravel\framework\src\Illuminate\Routing\ControllerDispatcher.php(62): Illuminate\Routing\ControllerDispatcher->call(Object(IndexController), Object(Illuminate\Routing\Route), 'index')
#5 Z:\home\test1.ru\www\veer\vendor\laravel\framework\src\Illuminate\Routing\Router.php(934): Illuminate\Routing\ControllerDispatcher->dispatch(Object(Illuminate\Routing\Route), Object(Illuminate\Http\Request), 'IndexController', 'index')
#6 [internal function]: Illuminate\Routing\{closure}()
#7 Z:\home\test1.ru\www\veer\vendor\laravel\framework\src\Illuminate\Routing\Route.php(104): call_user_func_array(Object(Closure), Array)
#8 Z:\home\test1.ru\www\veer\vendor\laravel\framework\src\Illuminate\Routing\Router.php(1000): Illuminate\Routing\Route->run(Object(Illuminate\Http\Request))
#9 Z:\home\test1.ru\www\veer\vendor\laravel\framework\src\Illuminate\Routing\Router.php(968): Illuminate\Routing\Router->dispatchToRoute(Object(Illuminate\Http\Request))
#10 Z:\home\test1.ru\www\veer\vendor\laravel\framework\src\Illuminate\Foundation\Application.php(738): Illuminate\Routing\Router->dispatch(Object(Illuminate\Http\Request))
#11 Z:\home\test1.ru\www\veer\vendor\laravel\framework\src\Illuminate\Foundation\Application.php(708): Illuminate\Foundation\Application->dispatch(Object(Illuminate\Http\Request))
#12 Z:\home\test1.ru\www\veer\vendor\laravel\framework\src\Illuminate\Http\FrameGuard.php(38): Illuminate\Foundation\Application->handle(Object(Illuminate\Http\Request), 1, true)
#13 Z:\home\test1.ru\www\veer\vendor\laravel\framework\src\Illuminate\Session\Middleware.php(72): Illuminate\Http\FrameGuard->handle(Object(Illuminate\Http\Request), 1, true)
#14 Z:\home\test1.ru\www\veer\vendor\laravel\framework\src\Illuminate\Cookie\Queue.php(47): Illuminate\Session\Middleware->handle(Object(Illuminate\Http\Request), 1, true)
#15 Z:\home\test1.ru\www\veer\vendor\laravel\framework\src\Illuminate\Cookie\Guard.php(51): Illuminate\Cookie\Queue->handle(Object(Illuminate\Http\Request), 1, true)
#16 Z:\home\test1.ru\www\veer\vendor\stack\builder\src\Stack\StackedHttpKernel.php(23): Illuminate\Cookie\Guard->handle(Object(Illuminate\Http\Request), 1, true)
#17 Z:\home\test1.ru\www\veer\vendor\laravel\framework\src\Illuminate\Foundation\Application.php(606): Stack\StackedHttpKernel->handle(Object(Illuminate\Http\Request))
#18 Z:\home\test1.ru\www\veer\index.php(16): Illuminate\Foundation\Application->run()
#19 {main} [] []
[2014-12-01 03:17:55] local.ALERT: Slowness detected: 1.104:  {"queries":4,"loading":1.1791,"memory":"12,165,776","mem.veer":"5,040,432","version":"0.1.6-alpha"} []
[2014-12-01 03:17:55] local.INFO: Queries:  [{"query":"select * from `components` where `components`.`deleted_at` is null and `sites_id` = ? and (`route_name` = ? or `route_name` = ?)","bindings":[1,"index","GLOBAL"],"time":1.74},{"query":"select `id`, `url`, `grp`, `status`, `title`, `grp_ids`, `currency`, `price`, `price_sales`, `price_sales_on`, `price_sales_off`, `star`, `download`, `created_at` from `products` where `products`.`deleted_at` is null and (select count(*) from `categories` inner join `categories_connect` on `categories`.`id` = `categories_connect`.`categories_id` where `categories`.`deleted_at` is null and `categories_connect`.`elements_id` = `products`.`id` and `categories_connect`.`elements_type` = ? and `sites_id` = ? and `categories`.`id` = ? and `categories`.`deleted_at` is null) >= 1 and `status` != ? and `to_show` < ? limit 1","bindings":["Veer\\Models\\Product",1,"5","hide","2014-12-01 03:17:55"],"time":1.51},{"query":"select `categories`.*, `categories_connect`.`elements_id` as `pivot_elements_id`, `categories_connect`.`categories_id` as `pivot_categories_id` from `categories` inner join `categories_connect` on `categories`.`id` = `categories_connect`.`categories_id` where `categories`.`deleted_at` is null and `categories_connect`.`elements_id` in (?) and `categories_connect`.`elements_type` = ? and `sites_id` = ? and `categories`.`id` != ?","bindings":[1,"Veer\\Models\\Product",1,"5"],"time":1.1},{"query":"select `images`.*, `images_connect`.`elements_id` as `pivot_elements_id`, `images_connect`.`images_id` as `pivot_images_id` from `images` inner join `images_connect` on `images`.`id` = `images_connect`.`images_id` where `images`.`deleted_at` is null and `images_connect`.`elements_id` in (?) and `images_connect`.`elements_type` = ? order by `id` asc limit 1","bindings":[1,"Veer\\Models\\Product"],"time":2.37}] []
[2014-12-01 03:32:17] local.ERROR: exception 'Symfony\Component\Debug\Exception\FatalErrorException' with message 'Call to a member function remember() on a non-object' in Z:\home\test1.ru\www\veer\app\lib\VeerApp.php:307
Stack trace:
#0 [internal function]: Illuminate\Exception\Handler->handleShutdown()
#1 {main} [] []
[2014-12-01 03:52:57] local.ALERT: Slowness detected: 2.0325:  {"queries":4,"loading":2.3565,"memory":"12,168,984","mem.veer":"5,043,640","version":"0.1.6-alpha"} []
[2014-12-01 03:52:57] local.INFO: Queries:  [{"query":"select * from `components` where `components`.`deleted_at` is null and `sites_id` = ? and (`route_name` = ? or `route_name` = ?)","bindings":[1,"index","GLOBAL"],"time":1.32},{"query":"select `id`, `url`, `grp`, `status`, `title`, `grp_ids`, `currency`, `price`, `price_sales`, `price_sales_on`, `price_sales_off`, `star`, `download`, `created_at` from `products` where `products`.`deleted_at` is null and (select count(*) from `categories` inner join `categories_connect` on `categories`.`id` = `categories_connect`.`categories_id` where `categories`.`deleted_at` is null and `categories_connect`.`elements_id` = `products`.`id` and `categories_connect`.`elements_type` = ? and `sites_id` = ? and `categories`.`id` = ? and `categories`.`deleted_at` is null) >= 1 and `status` != ? and `to_show` < ? limit 1","bindings":["Veer\\Models\\Product",1,"5","hide","2014-12-01 03:52:57"],"time":1.31},{"query":"select `categories`.*, `categories_connect`.`elements_id` as `pivot_elements_id`, `categories_connect`.`categories_id` as `pivot_categories_id` from `categories` inner join `categories_connect` on `categories`.`id` = `categories_connect`.`categories_id` where `categories`.`deleted_at` is null and `categories_connect`.`elements_id` in (?) and `categories_connect`.`elements_type` = ? and `sites_id` = ? and `categories`.`id` != ?","bindings":[1,"Veer\\Models\\Product",1,"5"],"time":1.11},{"query":"select `images`.*, `images_connect`.`elements_id` as `pivot_elements_id`, `images_connect`.`images_id` as `pivot_images_id` from `images` inner join `images_connect` on `images`.`id` = `images_connect`.`images_id` where `images`.`deleted_at` is null and `images_connect`.`elements_id` in (?) and `images_connect`.`elements_type` = ? order by `id` asc limit 1","bindings":[1,"Veer\\Models\\Product"],"time":1.22}] []
[2014-12-01 04:09:01] local.ERROR: exception 'ErrorException' with message 'include(Z:\home\test1.ru\www\veer/app/lib/Components/indexPages.php) [<a href='function.include'>function.include</a>]: failed to open stream: No such file or directory' in Z:\home\test1.ru\www\veer\vendor\composer\ClassLoader.php:385
Stack trace:
#0 Z:\home\test1.ru\www\veer\vendor\composer\ClassLoader.php(385): Illuminate\Exception\Handler->handleError(2, 'include(Z:\home...', 'Z:\home\test1.r...', 385, Array)
#1 Z:\home\test1.ru\www\veer\vendor\composer\ClassLoader.php(385): Composer\Autoload\includeFile()
#2 Z:\home\test1.ru\www\veer\vendor\composer\ClassLoader.php(277): Composer\Autoload\includeFile('Z:\home\test1.r...')
#3 [internal function]: Composer\Autoload\ClassLoader->loadClass('Veer\Lib\Compon...')
#4 [internal function]: spl_autoload_call('Veer\Lib\Compon...')
#5 Z:\home\test1.ru\www\veer\app\lib\VeerApp.php(202): class_exists('\Veer\Lib\Compo...')
#6 Z:\home\test1.ru\www\veer\app\lib\VeerApp.php(159): Veer\Lib\VeerApp->loadComponentClass('indexPages', NULL)
#7 Z:\home\test1.ru\www\veer\app\controllers\BaseController.php(19): Veer\Lib\VeerApp->registerComponents('index')
#8 [internal function]: BaseController->__construct()
#9 Z:\home\test1.ru\www\veer\vendor\laravel\framework\src\Illuminate\Container\Container.php(536): ReflectionClass->newInstanceArgs(Array)
#10 Z:\home\test1.ru\www\veer\vendor\laravel\framework\src\Illuminate\Container\Container.php(425): Illuminate\Container\Container->build('IndexController', Array)
#11 Z:\home\test1.ru\www\veer\vendor\laravel\framework\src\Illuminate\Foundation\Application.php(463): Illuminate\Container\Container->make('IndexController', Array)
#12 Z:\home\test1.ru\www\veer\vendor\laravel\framework\src\Illuminate\Routing\ControllerDispatcher.php(78): Illuminate\Foundation\Application->make('IndexController')
#13 Z:\home\test1.ru\www\veer\vendor\laravel\framework\src\Illuminate\Routing\ControllerDispatcher.php(51): Illuminate\Routing\ControllerDispatcher->makeController('IndexController')
#14 Z:\home\test1.ru\www\veer\vendor\laravel\framework\src\Illuminate\Routing\Router.php(934): Illuminate\Routing\ControllerDispatcher->dispatch(Object(Illuminate\Routing\Route), Object(Illuminate\Http\Request), 'IndexController', 'index')
#15 [internal function]: Illuminate\Routing\{closure}()
#16 Z:\home\test1.ru\www\veer\vendor\laravel\framework\src\Illuminate\Routing\Route.php(104): call_user_func_array(Object(Closure), Array)
#17 Z:\home\test1.ru\www\veer\vendor\laravel\framework\src\Illuminate\Routing\Router.php(1000): Illuminate\Routing\Route->run(Object(Illuminate\Http\Request))
#18 Z:\home\test1.ru\www\veer\vendor\laravel\framework\src\Illuminate\Routing\Router.php(968): Illuminate\Routing\Router->dispatchToRoute(Object(Illuminate\Http\Request))
#19 Z:\home\test1.ru\www\veer\vendor\laravel\framework\src\Illuminate\Foundation\Application.php(738): Illuminate\Routing\Router->dispatch(Object(Illuminate\Http\Request))
#20 Z:\home\test1.ru\www\veer\vendor\laravel\framework\src\Illuminate\Foundation\Application.php(708): Illuminate\Foundation\Application->dispatch(Object(Illuminate\Http\Request))
#21 Z:\home\test1.ru\www\veer\vendor\laravel\framework\src\Illuminate\Http\FrameGuard.php(38): Illuminate\Foundation\Application->handle(Object(Illuminate\Http\Request), 1, true)
#22 Z:\home\test1.ru\www\veer\vendor\laravel\framework\src\Illuminate\Session\Middleware.php(72): Illuminate\Http\FrameGuard->handle(Object(Illuminate\Http\Request), 1, true)
#23 Z:\home\test1.ru\www\veer\vendor\laravel\framework\src\Illuminate\Cookie\Queue.php(47): Illuminate\Session\Middleware->handle(Object(Illuminate\Http\Request), 1, true)
#24 Z:\home\test1.ru\www\veer\vendor\laravel\framework\src\Illuminate\Cookie\Guard.php(51): Illuminate\Cookie\Queue->handle(Object(Illuminate\Http\Request), 1, true)
#25 Z:\home\test1.ru\www\veer\vendor\stack\builder\src\Stack\StackedHttpKernel.php(23): Illuminate\Cookie\Guard->handle(Object(Illuminate\Http\Request), 1, true)
#26 Z:\home\test1.ru\www\veer\vendor\laravel\framework\src\Illuminate\Foundation\Application.php(606): Stack\StackedHttpKernel->handle(Object(Illuminate\Http\Request))
#27 Z:\home\test1.ru\www\veer\index.php(16): Illuminate\Foundation\Application->run()
#28 {main} [] []
[2014-12-01 04:14:50] local.ERROR: exception 'ErrorException' with message 'include(Z:\home\test1.ru\www\veer/app/lib/Events/indexEventHandler.php) [<a href='function.include'>function.include</a>]: failed to open stream: No such file or directory' in Z:\home\test1.ru\www\veer\vendor\composer\ClassLoader.php:385
Stack trace:
#0 Z:\home\test1.ru\www\veer\vendor\composer\ClassLoader.php(385): Illuminate\Exception\Handler->handleError(2, 'include(Z:\home...', 'Z:\home\test1.r...', 385, Array)
#1 Z:\home\test1.ru\www\veer\vendor\composer\ClassLoader.php(385): Composer\Autoload\includeFile()
#2 Z:\home\test1.ru\www\veer\vendor\composer\ClassLoader.php(277): Composer\Autoload\includeFile('Z:\home\test1.r...')
#3 [internal function]: Composer\Autoload\ClassLoader->loadClass('Veer\Lib\Events...')
#4 [internal function]: spl_autoload_call('Veer\Lib\Events...')
#5 Z:\home\test1.ru\www\veer\app\lib\VeerApp.php(202): class_exists('\Veer\Lib\Event...')
#6 Z:\home\test1.ru\www\veer\app\lib\VeerApp.php(165): Veer\Lib\VeerApp->loadComponentClass('indexEventHandl...', NULL, 'event')
#7 Z:\home\test1.ru\www\veer\app\controllers\BaseController.php(19): Veer\Lib\VeerApp->registerComponents('index')
#8 [internal function]: BaseController->__construct()
#9 Z:\home\test1.ru\www\veer\vendor\laravel\framework\src\Illuminate\Container\Container.php(536): ReflectionClass->newInstanceArgs(Array)
#10 Z:\home\test1.ru\www\veer\vendor\laravel\framework\src\Illuminate\Container\Container.php(425): Illuminate\Container\Container->build('IndexController', Array)
#11 Z:\home\test1.ru\www\veer\vendor\laravel\framework\src\Illuminate\Foundation\Application.php(463): Illuminate\Container\Container->make('IndexController', Array)
#12 Z:\home\test1.ru\www\veer\vendor\laravel\framework\src\Illuminate\Routing\ControllerDispatcher.php(78): Illuminate\Foundation\Application->make('IndexController')
#13 Z:\home\test1.ru\www\veer\vendor\laravel\framework\src\Illuminate\Routing\ControllerDispatcher.php(51): Illuminate\Routing\ControllerDispatcher->makeController('IndexController')
#14 Z:\home\test1.ru\www\veer\vendor\laravel\framework\src\Illuminate\Routing\Router.php(934): Illuminate\Routing\ControllerDispatcher->dispatch(Object(Illuminate\Routing\Route), Object(Illuminate\Http\Request), 'IndexController', 'index')
#15 [internal function]: Illuminate\Routing\{closure}()
#16 Z:\home\test1.ru\www\veer\vendor\laravel\framework\src\Illuminate\Routing\Route.php(104): call_user_func_array(Object(Closure), Array)
#17 Z:\home\test1.ru\www\veer\vendor\laravel\framework\src\Illuminate\Routing\Router.php(1000): Illuminate\Routing\Route->run(Object(Illuminate\Http\Request))
#18 Z:\home\test1.ru\www\veer\vendor\laravel\framework\src\Illuminate\Routing\Router.php(968): Illuminate\Routing\Router->dispatchToRoute(Object(Illuminate\Http\Request))
#19 Z:\home\test1.ru\www\veer\vendor\laravel\framework\src\Illuminate\Foundation\Application.php(738): Illuminate\Routing\Router->dispatch(Object(Illuminate\Http\Request))
#20 Z:\home\test1.ru\www\veer\vendor\laravel\framework\src\Illuminate\Foundation\Application.php(708): Illuminate\Foundation\Application->dispatch(Object(Illuminate\Http\Request))
#21 Z:\home\test1.ru\www\veer\vendor\laravel\framework\src\Illuminate\Http\FrameGuard.php(38): Illuminate\Foundation\Application->handle(Object(Illuminate\Http\Request), 1, true)
#22 Z:\home\test1.ru\www\veer\vendor\laravel\framework\src\Illuminate\Session\Middleware.php(72): Illuminate\Http\FrameGuard->handle(Object(Illuminate\Http\Request), 1, true)
#23 Z:\home\test1.ru\www\veer\vendor\laravel\framework\src\Illuminate\Cookie\Queue.php(47): Illuminate\Session\Middleware->handle(Object(Illuminate\Http\Request), 1, true)
#24 Z:\home\test1.ru\www\veer\vendor\laravel\framework\src\Illuminate\Cookie\Guard.php(51): Illuminate\Cookie\Queue->handle(Object(Illuminate\Http\Request), 1, true)
#25 Z:\home\test1.ru\www\veer\vendor\stack\builder\src\Stack\StackedHttpKernel.php(23): Illuminate\Cookie\Guard->handle(Object(Illuminate\Http\Request), 1, true)
#26 Z:\home\test1.ru\www\veer\vendor\laravel\framework\src\Illuminate\Foundation\Application.php(606): Stack\StackedHttpKernel->handle(Object(Illuminate\Http\Request))
#27 Z:\home\test1.ru\www\veer\index.php(16): Illuminate\Foundation\Application->run()
#28 {main} [] []
[2014-12-01 04:33:46] local.ERROR: URL Not found http://test1.ru/veer/images/1.jpg [] []
[2014-12-01 05:10:36] local.ERROR: URL Not found http://test1.ru/veer/nichego/category/1 [] []
[2014-12-01 05:11:15] local.ERROR: exception 'Symfony\Component\Debug\Exception\FatalErrorException' with message 'Class 'VeerDb' not found' in Z:\home\test1.ru\www\veer\app\controllers\CategoryController.php:50
Stack trace:
#0 [internal function]: Illuminate\Exception\Handler->handleShutdown()
#1 {main} [] []
[2014-12-01 05:11:20] local.ERROR: exception 'Symfony\Component\Debug\Exception\FatalErrorException' with message 'Class 'VeerDb' not found' in Z:\home\test1.ru\www\veer\app\controllers\AttributeController.php:59
Stack trace:
#0 [internal function]: Illuminate\Exception\Handler->handleShutdown()
#1 {main} [] []
[2014-12-01 05:56:18] local.ERROR: URL Not found http://test1.ru/moedelo/nichego [] []
[2014-12-01 05:56:59] local.ERROR: URL Not found http://test1.ru/moedelo/nichego [] []
[2014-12-01 05:59:25] local.ERROR: URL Not found http://test1.ru/moedelo/nichego/category/1 [] []
[2014-12-01 06:00:44] local.ERROR: URL Not found http://test1.ru/moedelo/nichego [] []
[2014-12-01 06:00:59] local.ERROR: URL Not found http://test1.ru/moedelo/nichego/category/1 [] []
[2014-12-01 06:01:08] local.ERROR: URL Not found http://test1.ru/moedelo/nichego/attribute [] []
[2014-12-01 06:02:25] local.ERROR: exception 'Symfony\Component\HttpKernel\Exception\NotFoundHttpException' in Z:\home\test1.ru\www\veer\vendor\laravel\framework\src\Illuminate\Routing\RouteCollection.php:146
Stack trace:
#0 Z:\home\test1.ru\www\veer\vendor\laravel\framework\src\Illuminate\Routing\Router.php(1021): Illuminate\Routing\RouteCollection->match(Object(Illuminate\Http\Request))
#1 Z:\home\test1.ru\www\veer\vendor\laravel\framework\src\Illuminate\Routing\Router.php(989): Illuminate\Routing\Router->findRoute(Object(Illuminate\Http\Request))
#2 Z:\home\test1.ru\www\veer\vendor\laravel\framework\src\Illuminate\Routing\Router.php(968): Illuminate\Routing\Router->dispatchToRoute(Object(Illuminate\Http\Request))
#3 Z:\home\test1.ru\www\veer\vendor\laravel\framework\src\Illuminate\Foundation\Application.php(738): Illuminate\Routing\Router->dispatch(Object(Illuminate\Http\Request))
#4 Z:\home\test1.ru\www\veer\vendor\laravel\framework\src\Illuminate\Foundation\Application.php(708): Illuminate\Foundation\Application->dispatch(Object(Illuminate\Http\Request))
#5 Z:\home\test1.ru\www\veer\vendor\laravel\framework\src\Illuminate\Http\FrameGuard.php(38): Illuminate\Foundation\Application->handle(Object(Illuminate\Http\Request), 1, true)
#6 Z:\home\test1.ru\www\veer\vendor\laravel\framework\src\Illuminate\Session\Middleware.php(72): Illuminate\Http\FrameGuard->handle(Object(Illuminate\Http\Request), 1, true)
#7 Z:\home\test1.ru\www\veer\vendor\laravel\framework\src\Illuminate\Cookie\Queue.php(47): Illuminate\Session\Middleware->handle(Object(Illuminate\Http\Request), 1, true)
#8 Z:\home\test1.ru\www\veer\vendor\laravel\framework\src\Illuminate\Cookie\Guard.php(51): Illuminate\Cookie\Queue->handle(Object(Illuminate\Http\Request), 1, true)
#9 Z:\home\test1.ru\www\veer\vendor\stack\builder\src\Stack\StackedHttpKernel.php(23): Illuminate\Cookie\Guard->handle(Object(Illuminate\Http\Request), 1, true)
#10 Z:\home\test1.ru\www\veer\vendor\laravel\framework\src\Illuminate\Foundation\Application.php(606): Stack\StackedHttpKernel->handle(Object(Illuminate\Http\Request))
#11 Z:\home\test1.ru\www\veer\index.php(16): Illuminate\Foundation\Application->run()
#12 {main} [] []
[2014-12-01 06:11:08] local.ERROR: exception 'Symfony\Component\HttpKernel\Exception\NotFoundHttpException' in Z:\home\test1.ru\www\veer\vendor\laravel\framework\src\Illuminate\Routing\RouteCollection.php:146
Stack trace:
#0 Z:\home\test1.ru\www\veer\vendor\laravel\framework\src\Illuminate\Routing\Router.php(1021): Illuminate\Routing\RouteCollection->match(Object(Illuminate\Http\Request))
#1 Z:\home\test1.ru\www\veer\vendor\laravel\framework\src\Illuminate\Routing\Router.php(989): Illuminate\Routing\Router->findRoute(Object(Illuminate\Http\Request))
#2 Z:\home\test1.ru\www\veer\vendor\laravel\framework\src\Illuminate\Routing\Router.php(968): Illuminate\Routing\Router->dispatchToRoute(Object(Illuminate\Http\Request))
#3 Z:\home\test1.ru\www\veer\vendor\laravel\framework\src\Illuminate\Foundation\Application.php(738): Illuminate\Routing\Router->dispatch(Object(Illuminate\Http\Request))
#4 Z:\home\test1.ru\www\veer\vendor\laravel\framework\src\Illuminate\Foundation\Application.php(708): Illuminate\Foundation\Application->dispatch(Object(Illuminate\Http\Request))
#5 Z:\home\test1.ru\www\veer\vendor\laravel\framework\src\Illuminate\Http\FrameGuard.php(38): Illuminate\Foundation\Application->handle(Object(Illuminate\Http\Request), 1, true)
#6 Z:\home\test1.ru\www\veer\vendor\laravel\framework\src\Illuminate\Session\Middleware.php(72): Illuminate\Http\FrameGuard->handle(Object(Illuminate\Http\Request), 1, true)
#7 Z:\home\test1.ru\www\veer\vendor\laravel\framework\src\Illuminate\Cookie\Queue.php(47): Illuminate\Session\Middleware->handle(Object(Illuminate\Http\Request), 1, true)
#8 Z:\home\test1.ru\www\veer\vendor\laravel\framework\src\Illuminate\Cookie\Guard.php(51): Illuminate\Cookie\Queue->handle(Object(Illuminate\Http\Request), 1, true)
#9 Z:\home\test1.ru\www\veer\vendor\stack\builder\src\Stack\StackedHttpKernel.php(23): Illuminate\Cookie\Guard->handle(Object(Illuminate\Http\Request), 1, true)
#10 Z:\home\test1.ru\www\veer\vendor\laravel\framework\src\Illuminate\Foundation\Application.php(606): Stack\StackedHttpKernel->handle(Object(Illuminate\Http\Request))
#11 Z:\home\test1.ru\www\veer\index.php(16): Illuminate\Foundation\Application->run()
#12 {main} [] []
