[2014-11-29 00:02:15] local.ERROR: exception 'ErrorException' with message 'Non-static method Veer\Lib\VeerDb::make() should not be called statically, assuming $this from incompatible context' in Z:\home\test1.ru\www\veer\app\controllers\SearchController.php:69
Stack trace:
#0 Z:\home\test1.ru\www\veer\app\controllers\SearchController.php(69): Illuminate\Exception\Handler->handleError(2048, 'Non-static meth...', 'Z:\home\test1.r...', 69, Array)
#1 [internal function]: SearchController->show('1')
#2 Z:\home\test1.ru\www\veer\vendor\laravel\framework\src\Illuminate\Routing\Controller.php(231): call_user_func_array(Array, Array)
#3 Z:\home\test1.ru\www\veer\vendor\laravel\framework\src\Illuminate\Routing\ControllerDispatcher.php(93): Illuminate\Routing\Controller->callAction('show', Array)
#4 Z:\home\test1.ru\www\veer\vendor\laravel\framework\src\Illuminate\Routing\ControllerDispatcher.php(62): Illuminate\Routing\ControllerDispatcher->call(Object(SearchController), Object(Illuminate\Routing\Route), 'show')
#5 Z:\home\test1.ru\www\veer\vendor\laravel\framework\src\Illuminate\Routing\Router.php(934): Illuminate\Routing\ControllerDispatcher->dispatch(Object(Illuminate\Routing\Route), Object(Illuminate\Http\Request), 'SearchControlle...', 'show')
#6 [internal function]: Illuminate\Routing\{closure}('1')
#7 Z:\home\test1.ru\www\veer\vendor\laravel\framework\src\Illuminate\Routing\Route.php(104): call_user_func_array(Object(Closure), Array)
#8 Z:\home\test1.ru\www\veer\vendor\laravel\framework\src\Illuminate\Routing\Router.php(1000): Illuminate\Routing\Route->run(Object(Illuminate\Http\Request))
#9 Z:\home\test1.ru\www\veer\vendor\laravel\framework\src\Illuminate\Routing\Router.php(968): Illuminate\Routing\Router->dispatchToRoute(Object(Illuminate\Http\Request))
#10 Z:\home\test1.ru\www\veer\vendor\laravel\framework\src\Illuminate\Foundation\Application.php(738): Illuminate\Routing\Router->dispatch(Object(Illuminate\Http\Request))
#11 Z:\home\test1.ru\www\veer\vendor\laravel\framework\src\Illuminate\Foundation\Application.php(708): Illuminate\Foundation\Application->dispatch(Object(Illuminate\Http\Request))
#12 Z:\home\test1.ru\www\veer\vendor\laravel\framework\src\Illuminate\Http\FrameGuard.php(38): Illuminate\Foundation\Application->handle(Object(Illuminate\Http\Request), 1, true)
#13 Z:\home\test1.ru\www\veer\vendor\laravel\framework\src\Illuminate\Session\Middleware.php(72): Illuminate\Http\FrameGuard->handle(Object(Illuminate\Http\Request), 1, true)
#14 Z:\home\test1.ru\www\veer\vendor\laravel\framework\src\Illuminate\Cookie\Queue.php(47): Illuminate\Session\Middleware->handle(Object(Illuminate\Http\Request), 1, true)
#15 Z:\home\test1.ru\www\veer\vendor\laravel\framework\src\Illuminate\Cookie\Guard.php(51): Illuminate\Cookie\Queue->handle(Object(Illuminate\Http\Request), 1, true)
#16 Z:\home\test1.ru\www\veer\vendor\stack\builder\src\Stack\StackedHttpKernel.php(23): Illuminate\Cookie\Guard->handle(Object(Illuminate\Http\Request), 1, true)
#17 Z:\home\test1.ru\www\veer\vendor\laravel\framework\src\Illuminate\Foundation\Application.php(606): Stack\StackedHttpKernel->handle(Object(Illuminate\Http\Request))
#18 Z:\home\test1.ru\www\veer\index.php(16): Illuminate\Foundation\Application->run()
#19 {main} [] []
[2014-11-29 00:02:41] local.ERROR: exception 'Symfony\Component\Debug\Exception\FatalErrorException' with message 'Class 'VeerQ' not found' in Z:\home\test1.ru\www\veer\app\controllers\SearchController.php:69
Stack trace:
#0 [internal function]: Illuminate\Exception\Handler->handleShutdown()
#1 {main} [] []
[2014-11-29 00:06:14] local.ERROR: exception 'Symfony\Component\Debug\Exception\FatalErrorException' with message 'Class 'VeerDb' not found' in Z:\home\test1.ru\www\veer\app\controllers\CategoryController.php:50
Stack trace:
#0 [internal function]: Illuminate\Exception\Handler->handleShutdown()
#1 {main} [] []
[2014-11-29 00:08:42] local.ERROR: exception 'ErrorException' with message 'Undefined property: Illuminate\Database\Eloquent\Collection::$data' in Z:\home\test1.ru\www\veer\app\controllers\AttributeController.php:17
Stack trace:
#0 Z:\home\test1.ru\www\veer\app\controllers\AttributeController.php(17): Illuminate\Exception\Handler->handleError(8, 'Undefined prope...', 'Z:\home\test1.r...', 17, Array)
#1 [internal function]: AttributeController->index()
#2 Z:\home\test1.ru\www\veer\vendor\laravel\framework\src\Illuminate\Routing\Controller.php(231): call_user_func_array(Array, Array)
#3 Z:\home\test1.ru\www\veer\vendor\laravel\framework\src\Illuminate\Routing\ControllerDispatcher.php(93): Illuminate\Routing\Controller->callAction('index', Array)
#4 Z:\home\test1.ru\www\veer\vendor\laravel\framework\src\Illuminate\Routing\ControllerDispatcher.php(62): Illuminate\Routing\ControllerDispatcher->call(Object(AttributeController), Object(Illuminate\Routing\Route), 'index')
#5 Z:\home\test1.ru\www\veer\vendor\laravel\framework\src\Illuminate\Routing\Router.php(934): Illuminate\Routing\ControllerDispatcher->dispatch(Object(Illuminate\Routing\Route), Object(Illuminate\Http\Request), 'AttributeContro...', 'index')
#6 [internal function]: Illuminate\Routing\{closure}()
#7 Z:\home\test1.ru\www\veer\vendor\laravel\framework\src\Illuminate\Routing\Route.php(104): call_user_func_array(Object(Closure), Array)
#8 Z:\home\test1.ru\www\veer\vendor\laravel\framework\src\Illuminate\Routing\Router.php(1000): Illuminate\Routing\Route->run(Object(Illuminate\Http\Request))
#9 Z:\home\test1.ru\www\veer\vendor\laravel\framework\src\Illuminate\Routing\Router.php(968): Illuminate\Routing\Router->dispatchToRoute(Object(Illuminate\Http\Request))
#10 Z:\home\test1.ru\www\veer\vendor\laravel\framework\src\Illuminate\Foundation\Application.php(738): Illuminate\Routing\Router->dispatch(Object(Illuminate\Http\Request))
#11 Z:\home\test1.ru\www\veer\vendor\laravel\framework\src\Illuminate\Foundation\Application.php(708): Illuminate\Foundation\Application->dispatch(Object(Illuminate\Http\Request))
#12 Z:\home\test1.ru\www\veer\vendor\laravel\framework\src\Illuminate\Http\FrameGuard.php(38): Illuminate\Foundation\Application->handle(Object(Illuminate\Http\Request), 1, true)
#13 Z:\home\test1.ru\www\veer\vendor\laravel\framework\src\Illuminate\Session\Middleware.php(72): Illuminate\Http\FrameGuard->handle(Object(Illuminate\Http\Request), 1, true)
#14 Z:\home\test1.ru\www\veer\vendor\laravel\framework\src\Illuminate\Cookie\Queue.php(47): Illuminate\Session\Middleware->handle(Object(Illuminate\Http\Request), 1, true)
#15 Z:\home\test1.ru\www\veer\vendor\laravel\framework\src\Illuminate\Cookie\Guard.php(51): Illuminate\Cookie\Queue->handle(Object(Illuminate\Http\Request), 1, true)
#16 Z:\home\test1.ru\www\veer\vendor\stack\builder\src\Stack\StackedHttpKernel.php(23): Illuminate\Cookie\Guard->handle(Object(Illuminate\Http\Request), 1, true)
#17 Z:\home\test1.ru\www\veer\vendor\laravel\framework\src\Illuminate\Foundation\Application.php(606): Stack\StackedHttpKernel->handle(Object(Illuminate\Http\Request))
#18 Z:\home\test1.ru\www\veer\index.php(16): Illuminate\Foundation\Application->run()
#19 {main} [] []
[2014-11-29 00:10:46] local.ERROR: exception 'ErrorException' with message 'Use of undefined constant VeerQ - assumed 'VeerQ'' in Z:\home\test1.ru\www\veer\app\controllers\AttributeController.php:15
Stack trace:
#0 Z:\home\test1.ru\www\veer\app\controllers\AttributeController.php(15): Illuminate\Exception\Handler->handleError(8, 'Use of undefine...', 'Z:\home\test1.r...', 15, Array)
#1 [internal function]: AttributeController->index()
#2 Z:\home\test1.ru\www\veer\vendor\laravel\framework\src\Illuminate\Routing\Controller.php(231): call_user_func_array(Array, Array)
#3 Z:\home\test1.ru\www\veer\vendor\laravel\framework\src\Illuminate\Routing\ControllerDispatcher.php(93): Illuminate\Routing\Controller->callAction('index', Array)
#4 Z:\home\test1.ru\www\veer\vendor\laravel\framework\src\Illuminate\Routing\ControllerDispatcher.php(62): Illuminate\Routing\ControllerDispatcher->call(Object(AttributeController), Object(Illuminate\Routing\Route), 'index')
#5 Z:\home\test1.ru\www\veer\vendor\laravel\framework\src\Illuminate\Routing\Router.php(934): Illuminate\Routing\ControllerDispatcher->dispatch(Object(Illuminate\Routing\Route), Object(Illuminate\Http\Request), 'AttributeContro...', 'index')
#6 [internal function]: Illuminate\Routing\{closure}()
#7 Z:\home\test1.ru\www\veer\vendor\laravel\framework\src\Illuminate\Routing\Route.php(104): call_user_func_array(Object(Closure), Array)
#8 Z:\home\test1.ru\www\veer\vendor\laravel\framework\src\Illuminate\Routing\Router.php(1000): Illuminate\Routing\Route->run(Object(Illuminate\Http\Request))
#9 Z:\home\test1.ru\www\veer\vendor\laravel\framework\src\Illuminate\Routing\Router.php(968): Illuminate\Routing\Router->dispatchToRoute(Object(Illuminate\Http\Request))
#10 Z:\home\test1.ru\www\veer\vendor\laravel\framework\src\Illuminate\Foundation\Application.php(738): Illuminate\Routing\Router->dispatch(Object(Illuminate\Http\Request))
#11 Z:\home\test1.ru\www\veer\vendor\laravel\framework\src\Illuminate\Foundation\Application.php(708): Illuminate\Foundation\Application->dispatch(Object(Illuminate\Http\Request))
#12 Z:\home\test1.ru\www\veer\vendor\laravel\framework\src\Illuminate\Http\FrameGuard.php(38): Illuminate\Foundation\Application->handle(Object(Illuminate\Http\Request), 1, true)
#13 Z:\home\test1.ru\www\veer\vendor\laravel\framework\src\Illuminate\Session\Middleware.php(72): Illuminate\Http\FrameGuard->handle(Object(Illuminate\Http\Request), 1, true)
#14 Z:\home\test1.ru\www\veer\vendor\laravel\framework\src\Illuminate\Cookie\Queue.php(47): Illuminate\Session\Middleware->handle(Object(Illuminate\Http\Request), 1, true)
#15 Z:\home\test1.ru\www\veer\vendor\laravel\framework\src\Illuminate\Cookie\Guard.php(51): Illuminate\Cookie\Queue->handle(Object(Illuminate\Http\Request), 1, true)
#16 Z:\home\test1.ru\www\veer\vendor\stack\builder\src\Stack\StackedHttpKernel.php(23): Illuminate\Cookie\Guard->handle(Object(Illuminate\Http\Request), 1, true)
#17 Z:\home\test1.ru\www\veer\vendor\laravel\framework\src\Illuminate\Foundation\Application.php(606): Stack\StackedHttpKernel->handle(Object(Illuminate\Http\Request))
#18 Z:\home\test1.ru\www\veer\index.php(16): Illuminate\Foundation\Application->run()
#19 {main} [] []
[2014-11-29 00:11:09] local.ERROR: exception 'ErrorException' with message 'Undefined property: Illuminate\Database\Eloquent\Collection::$data' in Z:\home\test1.ru\www\veer\app\controllers\AttributeController.php:15
Stack trace:
#0 Z:\home\test1.ru\www\veer\app\controllers\AttributeController.php(15): Illuminate\Exception\Handler->handleError(8, 'Undefined prope...', 'Z:\home\test1.r...', 15, Array)
#1 [internal function]: AttributeController->index()
#2 Z:\home\test1.ru\www\veer\vendor\laravel\framework\src\Illuminate\Routing\Controller.php(231): call_user_func_array(Array, Array)
#3 Z:\home\test1.ru\www\veer\vendor\laravel\framework\src\Illuminate\Routing\ControllerDispatcher.php(93): Illuminate\Routing\Controller->callAction('index', Array)
#4 Z:\home\test1.ru\www\veer\vendor\laravel\framework\src\Illuminate\Routing\ControllerDispatcher.php(62): Illuminate\Routing\ControllerDispatcher->call(Object(AttributeController), Object(Illuminate\Routing\Route), 'index')
#5 Z:\home\test1.ru\www\veer\vendor\laravel\framework\src\Illuminate\Routing\Router.php(934): Illuminate\Routing\ControllerDispatcher->dispatch(Object(Illuminate\Routing\Route), Object(Illuminate\Http\Request), 'AttributeContro...', 'index')
#6 [internal function]: Illuminate\Routing\{closure}()
#7 Z:\home\test1.ru\www\veer\vendor\laravel\framework\src\Illuminate\Routing\Route.php(104): call_user_func_array(Object(Closure), Array)
#8 Z:\home\test1.ru\www\veer\vendor\laravel\framework\src\Illuminate\Routing\Router.php(1000): Illuminate\Routing\Route->run(Object(Illuminate\Http\Request))
#9 Z:\home\test1.ru\www\veer\vendor\laravel\framework\src\Illuminate\Routing\Router.php(968): Illuminate\Routing\Router->dispatchToRoute(Object(Illuminate\Http\Request))
#10 Z:\home\test1.ru\www\veer\vendor\laravel\framework\src\Illuminate\Foundation\Application.php(738): Illuminate\Routing\Router->dispatch(Object(Illuminate\Http\Request))
#11 Z:\home\test1.ru\www\veer\vendor\laravel\framework\src\Illuminate\Foundation\Application.php(708): Illuminate\Foundation\Application->dispatch(Object(Illuminate\Http\Request))
#12 Z:\home\test1.ru\www\veer\vendor\laravel\framework\src\Illuminate\Http\FrameGuard.php(38): Illuminate\Foundation\Application->handle(Object(Illuminate\Http\Request), 1, true)
#13 Z:\home\test1.ru\www\veer\vendor\laravel\framework\src\Illuminate\Session\Middleware.php(72): Illuminate\Http\FrameGuard->handle(Object(Illuminate\Http\Request), 1, true)
#14 Z:\home\test1.ru\www\veer\vendor\laravel\framework\src\Illuminate\Cookie\Queue.php(47): Illuminate\Session\Middleware->handle(Object(Illuminate\Http\Request), 1, true)
#15 Z:\home\test1.ru\www\veer\vendor\laravel\framework\src\Illuminate\Cookie\Guard.php(51): Illuminate\Cookie\Queue->handle(Object(Illuminate\Http\Request), 1, true)
#16 Z:\home\test1.ru\www\veer\vendor\stack\builder\src\Stack\StackedHttpKernel.php(23): Illuminate\Cookie\Guard->handle(Object(Illuminate\Http\Request), 1, true)
#17 Z:\home\test1.ru\www\veer\vendor\laravel\framework\src\Illuminate\Foundation\Application.php(606): Stack\StackedHttpKernel->handle(Object(Illuminate\Http\Request))
#18 Z:\home\test1.ru\www\veer\index.php(16): Illuminate\Foundation\Application->run()
#19 {main} [] []
