[2014-12-06 05:41:09] local.ERROR: Veer Component Error: Necessary parameter not found: CURRENCY_SYMBOL [] []
[2014-12-06 05:41:10] local.ALERT: Slowness detected: 3.058:  {"queries":4,"loading":3.4451,"memory":"12,641,712","mem.veer":"5,516,368","version":"0.1.8-alpha"} []
[2014-12-06 05:41:10] local.INFO: Queries:  [{"query":"select * from `components` where `components`.`deleted_at` is null and `sites_id` = ? and (`route_name` = ? or `route_name` = ?)","bindings":[1,"index","GLOBAL"],"time":1.46},{"query":"select `id`, `url`, `grp`, `status`, `title`, `grp_ids`, `currency`, `price`, `price_sales`, `price_sales_on`, `price_sales_off`, `price_opt`, `price_base`, `star`, `download`, `created_at` from `products` where `products`.`deleted_at` is null and (select count(*) from `categories` inner join `categories_connect` on `categories`.`id` = `categories_connect`.`categories_id` where `categories`.`deleted_at` is null and `categories_connect`.`elements_id` = `products`.`id` and `categories_connect`.`elements_type` = ? and `sites_id` = ? and `categories`.`id` = ? and `categories`.`deleted_at` is null) >= 1 and `status` != ? and `to_show` < ? limit 1","bindings":["Veer\\Models\\Product",1,"5","hide","2014-12-06 05:41:09"],"time":1.46},{"query":"select `categories`.*, `categories_connect`.`elements_id` as `pivot_elements_id`, `categories_connect`.`categories_id` as `pivot_categories_id` from `categories` inner join `categories_connect` on `categories`.`id` = `categories_connect`.`categories_id` where `categories`.`deleted_at` is null and `categories_connect`.`elements_id` in (?) and `categories_connect`.`elements_type` = ? and `sites_id` = ? and `categories`.`id` != ?","bindings":[1,"Veer\\Models\\Product",1,"5"],"time":1.15},{"query":"select `images`.*, `images_connect`.`elements_id` as `pivot_elements_id`, `images_connect`.`images_id` as `pivot_images_id` from `images` inner join `images_connect` on `images`.`id` = `images_connect`.`images_id` where `images`.`deleted_at` is null and `images_connect`.`elements_id` in (?) and `images_connect`.`elements_type` = ? order by `id` asc limit 1","bindings":[1,"Veer\\Models\\Product"],"time":1.53}] []
[2014-12-06 08:04:40] local.ERROR: exception 'Symfony\Component\Debug\Exception\FatalErrorException' with message 'Class 'Tag' not found' in Z:\home\test1.ru\www\veer\app\controllers\CategoryController.php:66
Stack trace:
#0 [internal function]: Illuminate\Exception\Handler->handleShutdown()
#1 {main} [] []
[2014-12-06 08:04:50] local.ERROR: exception 'ErrorException' with message 'Undefined variable: site_id' in Z:\home\test1.ru\www\veer\app\controllers\CategoryController.php:66
Stack trace:
#0 Z:\home\test1.ru\www\veer\app\controllers\CategoryController.php(66): Illuminate\Exception\Handler->handleError(8, 'Undefined varia...', 'Z:\home\test1.r...', 66, Array)
#1 [internal function]: CategoryController->show('1')
#2 Z:\home\test1.ru\www\veer\vendor\laravel\framework\src\Illuminate\Routing\Controller.php(231): call_user_func_array(Array, Array)
#3 Z:\home\test1.ru\www\veer\vendor\laravel\framework\src\Illuminate\Routing\ControllerDispatcher.php(93): Illuminate\Routing\Controller->callAction('show', Array)
#4 Z:\home\test1.ru\www\veer\vendor\laravel\framework\src\Illuminate\Routing\ControllerDispatcher.php(62): Illuminate\Routing\ControllerDispatcher->call(Object(CategoryController), Object(Illuminate\Routing\Route), 'show')
#5 Z:\home\test1.ru\www\veer\vendor\laravel\framework\src\Illuminate\Routing\Router.php(934): Illuminate\Routing\ControllerDispatcher->dispatch(Object(Illuminate\Routing\Route), Object(Illuminate\Http\Request), 'CategoryControl...', 'show')
#6 [internal function]: Illuminate\Routing\{closure}('1')
#7 Z:\home\test1.ru\www\veer\vendor\laravel\framework\src\Illuminate\Routing\Route.php(104): call_user_func_array(Object(Closure), Array)
#8 Z:\home\test1.ru\www\veer\vendor\laravel\framework\src\Illuminate\Routing\Router.php(1000): Illuminate\Routing\Route->run(Object(Illuminate\Http\Request))
#9 Z:\home\test1.ru\www\veer\vendor\laravel\framework\src\Illuminate\Routing\Router.php(968): Illuminate\Routing\Router->dispatchToRoute(Object(Illuminate\Http\Request))
#10 Z:\home\test1.ru\www\veer\vendor\laravel\framework\src\Illuminate\Foundation\Application.php(738): Illuminate\Routing\Router->dispatch(Object(Illuminate\Http\Request))
#11 Z:\home\test1.ru\www\veer\vendor\laravel\framework\src\Illuminate\Foundation\Application.php(708): Illuminate\Foundation\Application->dispatch(Object(Illuminate\Http\Request))
#12 Z:\home\test1.ru\www\veer\vendor\laravel\framework\src\Illuminate\Http\FrameGuard.php(38): Illuminate\Foundation\Application->handle(Object(Illuminate\Http\Request), 1, true)
#13 Z:\home\test1.ru\www\veer\vendor\laravel\framework\src\Illuminate\Session\Middleware.php(72): Illuminate\Http\FrameGuard->handle(Object(Illuminate\Http\Request), 1, true)
#14 Z:\home\test1.ru\www\veer\vendor\laravel\framework\src\Illuminate\Cookie\Queue.php(47): Illuminate\Session\Middleware->handle(Object(Illuminate\Http\Request), 1, true)
#15 Z:\home\test1.ru\www\veer\vendor\laravel\framework\src\Illuminate\Cookie\Guard.php(51): Illuminate\Cookie\Queue->handle(Object(Illuminate\Http\Request), 1, true)
#16 Z:\home\test1.ru\www\veer\vendor\stack\builder\src\Stack\StackedHttpKernel.php(23): Illuminate\Cookie\Guard->handle(Object(Illuminate\Http\Request), 1, true)
#17 Z:\home\test1.ru\www\veer\vendor\laravel\framework\src\Illuminate\Foundation\Application.php(606): Stack\StackedHttpKernel->handle(Object(Illuminate\Http\Request))
#18 Z:\home\test1.ru\www\veer\index.php(16): Illuminate\Foundation\Application->run()
#19 {main} [] []
[2014-12-06 08:09:31] local.ERROR: Error connecting to database: SQLSTATE[23000]: Integrity constraint violation: 1052 Column 'id' in where clause is ambiguous (SQL: select * from `tags` where `tags`.`deleted_at` is null and (select count(*) from `pages` inner join `tags_connect` on `pages`.`id` = `tags_connect`.`elements_id` where `pages`.`deleted_at` is null and `tags_connect`.`tags_id` = `tags`.`id` and `tags_connect`.`elements_type` = Veer\Models\Page and `hidden` != 1 and (select count(*) from `categories` inner join `categories_connect` on `categories`.`id` = `categories_connect`.`categories_id` where `categories`.`deleted_at` is null and `categories_connect`.`elements_id` = `pages`.`id` and `categories_connect`.`elements_type` = Veer\Models\Page and `id` = 1 and `categories`.`deleted_at` is null) >= 1 and `pages`.`deleted_at` is null) >= 1) [] []
[2014-12-06 08:09:41] local.ERROR: Error connecting to database: SQLSTATE[23000]: Integrity constraint violation: 1052 Column 'id' in where clause is ambiguous (SQL: select * from `tags` where `tags`.`deleted_at` is null and (select count(*) from `pages` inner join `tags_connect` on `pages`.`id` = `tags_connect`.`elements_id` where `pages`.`deleted_at` is null and `tags_connect`.`tags_id` = `tags`.`id` and `tags_connect`.`elements_type` = Veer\Models\Page and (select count(*) from `categories` inner join `categories_connect` on `categories`.`id` = `categories_connect`.`categories_id` where `categories`.`deleted_at` is null and `categories_connect`.`elements_id` = `pages`.`id` and `categories_connect`.`elements_type` = Veer\Models\Page and `id` = 1 and `categories`.`deleted_at` is null) >= 1 and `pages`.`deleted_at` is null) >= 1) [] []
[2014-12-06 08:20:47] local.ERROR: exception 'ErrorException' with message 'Undefined variable: template' in Z:\home\test1.ru\www\veer\app\storage\views\bea8fba9eec2687a52b973639243acbd:3
Stack trace:
#0 Z:\home\test1.ru\www\veer\app\storage\views\bea8fba9eec2687a52b973639243acbd(3): Illuminate\Exception\Handler->handleError(8, 'Undefined varia...', 'Z:\home\test1.r...', 3, Array)
#1 Z:\home\test1.ru\www\veer\vendor\laravel\framework\src\Illuminate\View\Engines\PhpEngine.php(37): include('Z:\home\test1.r...')
#2 Z:\home\test1.ru\www\veer\vendor\laravel\framework\src\Illuminate\View\Engines\CompilerEngine.php(56): Illuminate\View\Engines\PhpEngine->evaluatePath('Z:\home\test1.r...', Array)
#3 Z:\home\test1.ru\www\veer\vendor\laravel\framework\src\Illuminate\View\View.php(134): Illuminate\View\Engines\CompilerEngine->get('Z:\home\test1.r...', Array)
#4 Z:\home\test1.ru\www\veer\vendor\laravel\framework\src\Illuminate\View\View.php(102): Illuminate\View\View->getContents()
#5 Z:\home\test1.ru\www\veer\vendor\laravel\framework\src\Illuminate\View\View.php(76): Illuminate\View\View->renderContents()
#6 Z:\home\test1.ru\www\veer\vendor\laravel\framework\src\Illuminate\Http\Response.php(70): Illuminate\View\View->render()
#7 Z:\home\test1.ru\www\veer\vendor\symfony\http-foundation\Symfony\Component\HttpFoundation\Response.php(202): Illuminate\Http\Response->setContent(Object(Illuminate\View\View))
#8 Z:\home\test1.ru\www\veer\vendor\laravel\framework\src\Illuminate\Routing\Router.php(1427): Symfony\Component\HttpFoundation\Response->__construct(Object(Illuminate\View\View))
#9 Z:\home\test1.ru\www\veer\vendor\laravel\framework\src\Illuminate\Routing\Router.php(1003): Illuminate\Routing\Router->prepareResponse(Object(Illuminate\Http\Request), Object(Illuminate\View\View))
#10 Z:\home\test1.ru\www\veer\vendor\laravel\framework\src\Illuminate\Routing\Router.php(968): Illuminate\Routing\Router->dispatchToRoute(Object(Illuminate\Http\Request))
#11 Z:\home\test1.ru\www\veer\vendor\laravel\framework\src\Illuminate\Foundation\Application.php(738): Illuminate\Routing\Router->dispatch(Object(Illuminate\Http\Request))
#12 Z:\home\test1.ru\www\veer\vendor\laravel\framework\src\Illuminate\Foundation\Application.php(708): Illuminate\Foundation\Application->dispatch(Object(Illuminate\Http\Request))
#13 Z:\home\test1.ru\www\veer\vendor\laravel\framework\src\Illuminate\Http\FrameGuard.php(38): Illuminate\Foundation\Application->handle(Object(Illuminate\Http\Request), 1, true)
#14 Z:\home\test1.ru\www\veer\vendor\laravel\framework\src\Illuminate\Session\Middleware.php(72): Illuminate\Http\FrameGuard->handle(Object(Illuminate\Http\Request), 1, true)
#15 Z:\home\test1.ru\www\veer\vendor\laravel\framework\src\Illuminate\Cookie\Queue.php(47): Illuminate\Session\Middleware->handle(Object(Illuminate\Http\Request), 1, true)
#16 Z:\home\test1.ru\www\veer\vendor\laravel\framework\src\Illuminate\Cookie\Guard.php(51): Illuminate\Cookie\Queue->handle(Object(Illuminate\Http\Request), 1, true)
#17 Z:\home\test1.ru\www\veer\vendor\stack\builder\src\Stack\StackedHttpKernel.php(23): Illuminate\Cookie\Guard->handle(Object(Illuminate\Http\Request), 1, true)
#18 Z:\home\test1.ru\www\veer\vendor\laravel\framework\src\Illuminate\Foundation\Application.php(606): Stack\StackedHttpKernel->handle(Object(Illuminate\Http\Request))
#19 Z:\home\test1.ru\www\veer\index.php(16): Illuminate\Foundation\Application->run()
#20 {main}

Next exception 'ErrorException' with message 'Undefined variable: template (View: Z:\home\test1.ru\www\veer\app\views\template-default\home.blade.php)' in Z:\home\test1.ru\www\veer\app\storage\views\bea8fba9eec2687a52b973639243acbd:3
Stack trace:
#0 Z:\home\test1.ru\www\veer\vendor\laravel\framework\src\Illuminate\View\Engines\PhpEngine.php(41): Illuminate\View\Engines\CompilerEngine->handleViewException(Object(ErrorException))
#1 Z:\home\test1.ru\www\veer\vendor\laravel\framework\src\Illuminate\View\Engines\CompilerEngine.php(56): Illuminate\View\Engines\PhpEngine->evaluatePath('Z:\home\test1.r...', Array)
#2 Z:\home\test1.ru\www\veer\vendor\laravel\framework\src\Illuminate\View\View.php(134): Illuminate\View\Engines\CompilerEngine->get('Z:\home\test1.r...', Array)
#3 Z:\home\test1.ru\www\veer\vendor\laravel\framework\src\Illuminate\View\View.php(102): Illuminate\View\View->getContents()
#4 Z:\home\test1.ru\www\veer\vendor\laravel\framework\src\Illuminate\View\View.php(76): Illuminate\View\View->renderContents()
#5 Z:\home\test1.ru\www\veer\vendor\laravel\framework\src\Illuminate\Http\Response.php(70): Illuminate\View\View->render()
#6 Z:\home\test1.ru\www\veer\vendor\symfony\http-foundation\Symfony\Component\HttpFoundation\Response.php(202): Illuminate\Http\Response->setContent(Object(Illuminate\View\View))
#7 Z:\home\test1.ru\www\veer\vendor\laravel\framework\src\Illuminate\Routing\Router.php(1427): Symfony\Component\HttpFoundation\Response->__construct(Object(Illuminate\View\View))
#8 Z:\home\test1.ru\www\veer\vendor\laravel\framework\src\Illuminate\Routing\Router.php(1003): Illuminate\Routing\Router->prepareResponse(Object(Illuminate\Http\Request), Object(Illuminate\View\View))
#9 Z:\home\test1.ru\www\veer\vendor\laravel\framework\src\Illuminate\Routing\Router.php(968): Illuminate\Routing\Router->dispatchToRoute(Object(Illuminate\Http\Request))
#10 Z:\home\test1.ru\www\veer\vendor\laravel\framework\src\Illuminate\Foundation\Application.php(738): Illuminate\Routing\Router->dispatch(Object(Illuminate\Http\Request))
#11 Z:\home\test1.ru\www\veer\vendor\laravel\framework\src\Illuminate\Foundation\Application.php(708): Illuminate\Foundation\Application->dispatch(Object(Illuminate\Http\Request))
#12 Z:\home\test1.ru\www\veer\vendor\laravel\framework\src\Illuminate\Http\FrameGuard.php(38): Illuminate\Foundation\Application->handle(Object(Illuminate\Http\Request), 1, true)
#13 Z:\home\test1.ru\www\veer\vendor\laravel\framework\src\Illuminate\Session\Middleware.php(72): Illuminate\Http\FrameGuard->handle(Object(Illuminate\Http\Request), 1, true)
#14 Z:\home\test1.ru\www\veer\vendor\laravel\framework\src\Illuminate\Cookie\Queue.php(47): Illuminate\Session\Middleware->handle(Object(Illuminate\Http\Request), 1, true)
#15 Z:\home\test1.ru\www\veer\vendor\laravel\framework\src\Illuminate\Cookie\Guard.php(51): Illuminate\Cookie\Queue->handle(Object(Illuminate\Http\Request), 1, true)
#16 Z:\home\test1.ru\www\veer\vendor\stack\builder\src\Stack\StackedHttpKernel.php(23): Illuminate\Cookie\Guard->handle(Object(Illuminate\Http\Request), 1, true)
#17 Z:\home\test1.ru\www\veer\vendor\laravel\framework\src\Illuminate\Foundation\Application.php(606): Stack\StackedHttpKernel->handle(Object(Illuminate\Http\Request))
#18 Z:\home\test1.ru\www\veer\index.php(16): Illuminate\Foundation\Application->run()
#19 {main} [] []
[2014-12-06 08:44:52] local.ERROR: exception 'Symfony\Component\Debug\Exception\FatalErrorException' with message 'Class 'VeerQ' not found' in Z:\home\test1.ru\www\veer\app\controllers\AttributeController.php:12
Stack trace:
#0 [internal function]: Illuminate\Exception\Handler->handleShutdown()
#1 {main} [] []
[2014-12-06 08:50:49] local.ERROR: exception 'InvalidArgumentException' with message 'View [template-default.attributes] not found.' in Z:\home\test1.ru\www\veer\vendor\laravel\framework\src\Illuminate\View\FileViewFinder.php:139
Stack trace:
#0 Z:\home\test1.ru\www\veer\vendor\laravel\framework\src\Illuminate\View\FileViewFinder.php(76): Illuminate\View\FileViewFinder->findInPaths('template-defaul...', Array)
#1 Z:\home\test1.ru\www\veer\vendor\laravel\framework\src\Illuminate\View\Environment.php(115): Illuminate\View\FileViewFinder->find('template-defaul...')
#2 Z:\home\test1.ru\www\veer\app\lib\helpers.php(252): Illuminate\View\Environment->make('template-defaul...', Array, Array)
#3 Z:\home\test1.ru\www\veer\app\controllers\AttributeController.php(20): view('template-defaul...', Array)
#4 [internal function]: AttributeController->index()
#5 Z:\home\test1.ru\www\veer\vendor\laravel\framework\src\Illuminate\Routing\Controller.php(231): call_user_func_array(Array, Array)
#6 Z:\home\test1.ru\www\veer\vendor\laravel\framework\src\Illuminate\Routing\ControllerDispatcher.php(93): Illuminate\Routing\Controller->callAction('index', Array)
#7 Z:\home\test1.ru\www\veer\vendor\laravel\framework\src\Illuminate\Routing\ControllerDispatcher.php(62): Illuminate\Routing\ControllerDispatcher->call(Object(AttributeController), Object(Illuminate\Routing\Route), 'index')
#8 Z:\home\test1.ru\www\veer\vendor\laravel\framework\src\Illuminate\Routing\Router.php(934): Illuminate\Routing\ControllerDispatcher->dispatch(Object(Illuminate\Routing\Route), Object(Illuminate\Http\Request), 'AttributeContro...', 'index')
#9 [internal function]: Illuminate\Routing\{closure}()
#10 Z:\home\test1.ru\www\veer\vendor\laravel\framework\src\Illuminate\Routing\Route.php(104): call_user_func_array(Object(Closure), Array)
#11 Z:\home\test1.ru\www\veer\vendor\laravel\framework\src\Illuminate\Routing\Router.php(1000): Illuminate\Routing\Route->run(Object(Illuminate\Http\Request))
#12 Z:\home\test1.ru\www\veer\vendor\laravel\framework\src\Illuminate\Routing\Router.php(968): Illuminate\Routing\Router->dispatchToRoute(Object(Illuminate\Http\Request))
#13 Z:\home\test1.ru\www\veer\vendor\laravel\framework\src\Illuminate\Foundation\Application.php(738): Illuminate\Routing\Router->dispatch(Object(Illuminate\Http\Request))
#14 Z:\home\test1.ru\www\veer\vendor\laravel\framework\src\Illuminate\Foundation\Application.php(708): Illuminate\Foundation\Application->dispatch(Object(Illuminate\Http\Request))
#15 Z:\home\test1.ru\www\veer\vendor\laravel\framework\src\Illuminate\Http\FrameGuard.php(38): Illuminate\Foundation\Application->handle(Object(Illuminate\Http\Request), 1, true)
#16 Z:\home\test1.ru\www\veer\vendor\laravel\framework\src\Illuminate\Session\Middleware.php(72): Illuminate\Http\FrameGuard->handle(Object(Illuminate\Http\Request), 1, true)
#17 Z:\home\test1.ru\www\veer\vendor\laravel\framework\src\Illuminate\Cookie\Queue.php(47): Illuminate\Session\Middleware->handle(Object(Illuminate\Http\Request), 1, true)
#18 Z:\home\test1.ru\www\veer\vendor\laravel\framework\src\Illuminate\Cookie\Guard.php(51): Illuminate\Cookie\Queue->handle(Object(Illuminate\Http\Request), 1, true)
#19 Z:\home\test1.ru\www\veer\vendor\stack\builder\src\Stack\StackedHttpKernel.php(23): Illuminate\Cookie\Guard->handle(Object(Illuminate\Http\Request), 1, true)
#20 Z:\home\test1.ru\www\veer\vendor\laravel\framework\src\Illuminate\Foundation\Application.php(606): Stack\StackedHttpKernel->handle(Object(Illuminate\Http\Request))
#21 Z:\home\test1.ru\www\veer\index.php(16): Illuminate\Foundation\Application->run()
#22 {main} [] []
[2014-12-06 09:21:47] local.ERROR: exception 'ErrorException' with message 'Undefined variable: VeerDb' in Z:\home\test1.ru\www\veer\app\controllers\AttributeController.php:64
Stack trace:
#0 Z:\home\test1.ru\www\veer\app\controllers\AttributeController.php(64): Illuminate\Exception\Handler->handleError(8, 'Undefined varia...', 'Z:\home\test1.r...', 64, Array)
#1 [internal function]: AttributeController->show('1.2')
#2 Z:\home\test1.ru\www\veer\vendor\laravel\framework\src\Illuminate\Routing\Controller.php(231): call_user_func_array(Array, Array)
#3 Z:\home\test1.ru\www\veer\vendor\laravel\framework\src\Illuminate\Routing\ControllerDispatcher.php(93): Illuminate\Routing\Controller->callAction('show', Array)
#4 Z:\home\test1.ru\www\veer\vendor\laravel\framework\src\Illuminate\Routing\ControllerDispatcher.php(62): Illuminate\Routing\ControllerDispatcher->call(Object(AttributeController), Object(Illuminate\Routing\Route), 'show')
#5 Z:\home\test1.ru\www\veer\vendor\laravel\framework\src\Illuminate\Routing\Router.php(934): Illuminate\Routing\ControllerDispatcher->dispatch(Object(Illuminate\Routing\Route), Object(Illuminate\Http\Request), 'AttributeContro...', 'show')
#6 [internal function]: Illuminate\Routing\{closure}('1.2')
#7 Z:\home\test1.ru\www\veer\vendor\laravel\framework\src\Illuminate\Routing\Route.php(104): call_user_func_array(Object(Closure), Array)
#8 Z:\home\test1.ru\www\veer\vendor\laravel\framework\src\Illuminate\Routing\Router.php(1000): Illuminate\Routing\Route->run(Object(Illuminate\Http\Request))
#9 Z:\home\test1.ru\www\veer\vendor\laravel\framework\src\Illuminate\Routing\Router.php(968): Illuminate\Routing\Router->dispatchToRoute(Object(Illuminate\Http\Request))
#10 Z:\home\test1.ru\www\veer\vendor\laravel\framework\src\Illuminate\Foundation\Application.php(738): Illuminate\Routing\Router->dispatch(Object(Illuminate\Http\Request))
#11 Z:\home\test1.ru\www\veer\vendor\laravel\framework\src\Illuminate\Foundation\Application.php(708): Illuminate\Foundation\Application->dispatch(Object(Illuminate\Http\Request))
#12 Z:\home\test1.ru\www\veer\vendor\laravel\framework\src\Illuminate\Http\FrameGuard.php(38): Illuminate\Foundation\Application->handle(Object(Illuminate\Http\Request), 1, true)
#13 Z:\home\test1.ru\www\veer\vendor\laravel\framework\src\Illuminate\Session\Middleware.php(72): Illuminate\Http\FrameGuard->handle(Object(Illuminate\Http\Request), 1, true)
#14 Z:\home\test1.ru\www\veer\vendor\laravel\framework\src\Illuminate\Cookie\Queue.php(47): Illuminate\Session\Middleware->handle(Object(Illuminate\Http\Request), 1, true)
#15 Z:\home\test1.ru\www\veer\vendor\laravel\framework\src\Illuminate\Cookie\Guard.php(51): Illuminate\Cookie\Queue->handle(Object(Illuminate\Http\Request), 1, true)
#16 Z:\home\test1.ru\www\veer\vendor\stack\builder\src\Stack\StackedHttpKernel.php(23): Illuminate\Cookie\Guard->handle(Object(Illuminate\Http\Request), 1, true)
#17 Z:\home\test1.ru\www\veer\vendor\laravel\framework\src\Illuminate\Foundation\Application.php(606): Stack\StackedHttpKernel->handle(Object(Illuminate\Http\Request))
#18 Z:\home\test1.ru\www\veer\index.php(16): Illuminate\Foundation\Application->run()
#19 {main} [] []
[2014-12-06 09:26:06] local.ERROR: exception 'ErrorException' with message 'Missing argument 2 for Veer\Models\Product::scopeSiteValidation()' in Z:\home\test1.ru\www\veer\app\models\Product.php:10
Stack trace:
#0 Z:\home\test1.ru\www\veer\app\models\Product.php(10): Illuminate\Exception\Handler->handleError(2, 'Missing argumen...', 'Z:\home\test1.r...', 10, Array)
#1 [internal function]: Veer\Models\Product->scopeSiteValidation(Object(Illuminate\Database\Eloquent\Builder))
#2 Z:\home\test1.ru\www\veer\vendor\laravel\framework\src\Illuminate\Database\Eloquent\Builder.php(834): call_user_func_array(Array, Array)
#3 Z:\home\test1.ru\www\veer\vendor\laravel\framework\src\Illuminate\Database\Eloquent\Builder.php(915): Illuminate\Database\Eloquent\Builder->callScope('scopeSiteValida...', Array)
#4 Z:\home\test1.ru\www\veer\app\controllers\AttributeController.php(77): Illuminate\Database\Eloquent\Builder->__call('siteValidation', Array)
#5 Z:\home\test1.ru\www\veer\app\controllers\AttributeController.php(77): Illuminate\Database\Eloquent\Builder->siteValidation()
#6 [internal function]: {closure}(Object(Illuminate\Database\Eloquent\Builder))
#7 Z:\home\test1.ru\www\veer\vendor\laravel\framework\src\Illuminate\Database\Eloquent\Builder.php(641): call_user_func(Object(Closure), Object(Illuminate\Database\Eloquent\Builder))
#8 Z:\home\test1.ru\www\veer\vendor\laravel\framework\src\Illuminate\Database\Eloquent\Builder.php(657): Illuminate\Database\Eloquent\Builder->has('products', '>=', 1, 'and', Object(Closure))
#9 [internal function]: Illuminate\Database\Eloquent\Builder->whereHas('products', Object(Closure))
#10 Z:\home\test1.ru\www\veer\vendor\laravel\framework\src\Illuminate\Database\Eloquent\Model.php(3001): call_user_func_array(Array, Array)
#11 [internal function]: Illuminate\Database\Eloquent\Model->__call('whereHas', Array)
#12 [internal function]: Veer\Models\Tag->whereHas('products', Object(Closure))
#13 Z:\home\test1.ru\www\veer\vendor\laravel\framework\src\Illuminate\Database\Eloquent\Model.php(3015): call_user_func_array(Array, Array)
#14 Z:\home\test1.ru\www\veer\app\controllers\AttributeController.php(80): Illuminate\Database\Eloquent\Model::__callStatic('whereHas', Array)
#15 Z:\home\test1.ru\www\veer\app\controllers\AttributeController.php(80): Veer\Models\Tag::whereHas('products', Object(Closure))
#16 [internal function]: AttributeController->show('8.9')
#17 Z:\home\test1.ru\www\veer\vendor\laravel\framework\src\Illuminate\Routing\Controller.php(231): call_user_func_array(Array, Array)
#18 Z:\home\test1.ru\www\veer\vendor\laravel\framework\src\Illuminate\Routing\ControllerDispatcher.php(93): Illuminate\Routing\Controller->callAction('show', Array)
#19 Z:\home\test1.ru\www\veer\vendor\laravel\framework\src\Illuminate\Routing\ControllerDispatcher.php(62): Illuminate\Routing\ControllerDispatcher->call(Object(AttributeController), Object(Illuminate\Routing\Route), 'show')
#20 Z:\home\test1.ru\www\veer\vendor\laravel\framework\src\Illuminate\Routing\Router.php(934): Illuminate\Routing\ControllerDispatcher->dispatch(Object(Illuminate\Routing\Route), Object(Illuminate\Http\Request), 'AttributeContro...', 'show')
#21 [internal function]: Illuminate\Routing\{closure}('8.9')
#22 Z:\home\test1.ru\www\veer\vendor\laravel\framework\src\Illuminate\Routing\Route.php(104): call_user_func_array(Object(Closure), Array)
#23 Z:\home\test1.ru\www\veer\vendor\laravel\framework\src\Illuminate\Routing\Router.php(1000): Illuminate\Routing\Route->run(Object(Illuminate\Http\Request))
#24 Z:\home\test1.ru\www\veer\vendor\laravel\framework\src\Illuminate\Routing\Router.php(968): Illuminate\Routing\Router->dispatchToRoute(Object(Illuminate\Http\Request))
#25 Z:\home\test1.ru\www\veer\vendor\laravel\framework\src\Illuminate\Foundation\Application.php(738): Illuminate\Routing\Router->dispatch(Object(Illuminate\Http\Request))
#26 Z:\home\test1.ru\www\veer\vendor\laravel\framework\src\Illuminate\Foundation\Application.php(708): Illuminate\Foundation\Application->dispatch(Object(Illuminate\Http\Request))
#27 Z:\home\test1.ru\www\veer\vendor\laravel\framework\src\Illuminate\Http\FrameGuard.php(38): Illuminate\Foundation\Application->handle(Object(Illuminate\Http\Request), 1, true)
#28 Z:\home\test1.ru\www\veer\vendor\laravel\framework\src\Illuminate\Session\Middleware.php(72): Illuminate\Http\FrameGuard->handle(Object(Illuminate\Http\Request), 1, true)
#29 Z:\home\test1.ru\www\veer\vendor\laravel\framework\src\Illuminate\Cookie\Queue.php(47): Illuminate\Session\Middleware->handle(Object(Illuminate\Http\Request), 1, true)
#30 Z:\home\test1.ru\www\veer\vendor\laravel\framework\src\Illuminate\Cookie\Guard.php(51): Illuminate\Cookie\Queue->handle(Object(Illuminate\Http\Request), 1, true)
#31 Z:\home\test1.ru\www\veer\vendor\stack\builder\src\Stack\StackedHttpKernel.php(23): Illuminate\Cookie\Guard->handle(Object(Illuminate\Http\Request), 1, true)
#32 Z:\home\test1.ru\www\veer\vendor\laravel\framework\src\Illuminate\Foundation\Application.php(606): Stack\StackedHttpKernel->handle(Object(Illuminate\Http\Request))
#33 Z:\home\test1.ru\www\veer\index.php(16): Illuminate\Foundation\Application->run()
#34 {main} [] []
[2014-12-06 09:27:12] local.ERROR: exception 'ErrorException' with message 'Undefined variable: attribute' in Z:\home\test1.ru\www\veer\app\controllers\AttributeController.php:76
Stack trace:
#0 Z:\home\test1.ru\www\veer\app\controllers\AttributeController.php(76): Illuminate\Exception\Handler->handleError(8, 'Undefined varia...', 'Z:\home\test1.r...', 76, Array)
#1 [internal function]: {closure}(Object(Illuminate\Database\Eloquent\Builder))
#2 Z:\home\test1.ru\www\veer\vendor\laravel\framework\src\Illuminate\Database\Eloquent\Builder.php(641): call_user_func(Object(Closure), Object(Illuminate\Database\Eloquent\Builder))
#3 Z:\home\test1.ru\www\veer\vendor\laravel\framework\src\Illuminate\Database\Eloquent\Builder.php(657): Illuminate\Database\Eloquent\Builder->has('attributes', '>=', 1, 'and', Object(Closure))
#4 Z:\home\test1.ru\www\veer\app\controllers\AttributeController.php(77): Illuminate\Database\Eloquent\Builder->whereHas('attributes', Object(Closure))
#5 [internal function]: {closure}(Object(Illuminate\Database\Eloquent\Builder))
#6 Z:\home\test1.ru\www\veer\vendor\laravel\framework\src\Illuminate\Database\Eloquent\Builder.php(641): call_user_func(Object(Closure), Object(Illuminate\Database\Eloquent\Builder))
#7 Z:\home\test1.ru\www\veer\vendor\laravel\framework\src\Illuminate\Database\Eloquent\Builder.php(657): Illuminate\Database\Eloquent\Builder->has('products', '>=', 1, 'and', Object(Closure))
#8 [internal function]: Illuminate\Database\Eloquent\Builder->whereHas('products', Object(Closure))
#9 Z:\home\test1.ru\www\veer\vendor\laravel\framework\src\Illuminate\Database\Eloquent\Model.php(3001): call_user_func_array(Array, Array)
#10 [internal function]: Illuminate\Database\Eloquent\Model->__call('whereHas', Array)
#11 [internal function]: Veer\Models\Tag->whereHas('products', Object(Closure))
#12 Z:\home\test1.ru\www\veer\vendor\laravel\framework\src\Illuminate\Database\Eloquent\Model.php(3015): call_user_func_array(Array, Array)
#13 Z:\home\test1.ru\www\veer\app\controllers\AttributeController.php(78): Illuminate\Database\Eloquent\Model::__callStatic('whereHas', Array)
#14 Z:\home\test1.ru\www\veer\app\controllers\AttributeController.php(78): Veer\Models\Tag::whereHas('products', Object(Closure))
#15 [internal function]: AttributeController->show('8.9')
#16 Z:\home\test1.ru\www\veer\vendor\laravel\framework\src\Illuminate\Routing\Controller.php(231): call_user_func_array(Array, Array)
#17 Z:\home\test1.ru\www\veer\vendor\laravel\framework\src\Illuminate\Routing\ControllerDispatcher.php(93): Illuminate\Routing\Controller->callAction('show', Array)
#18 Z:\home\test1.ru\www\veer\vendor\laravel\framework\src\Illuminate\Routing\ControllerDispatcher.php(62): Illuminate\Routing\ControllerDispatcher->call(Object(AttributeController), Object(Illuminate\Routing\Route), 'show')
#19 Z:\home\test1.ru\www\veer\vendor\laravel\framework\src\Illuminate\Routing\Router.php(934): Illuminate\Routing\ControllerDispatcher->dispatch(Object(Illuminate\Routing\Route), Object(Illuminate\Http\Request), 'AttributeContro...', 'show')
#20 [internal function]: Illuminate\Routing\{closure}('8.9')
#21 Z:\home\test1.ru\www\veer\vendor\laravel\framework\src\Illuminate\Routing\Route.php(104): call_user_func_array(Object(Closure), Array)
#22 Z:\home\test1.ru\www\veer\vendor\laravel\framework\src\Illuminate\Routing\Router.php(1000): Illuminate\Routing\Route->run(Object(Illuminate\Http\Request))
#23 Z:\home\test1.ru\www\veer\vendor\laravel\framework\src\Illuminate\Routing\Router.php(968): Illuminate\Routing\Router->dispatchToRoute(Object(Illuminate\Http\Request))
#24 Z:\home\test1.ru\www\veer\vendor\laravel\framework\src\Illuminate\Foundation\Application.php(738): Illuminate\Routing\Router->dispatch(Object(Illuminate\Http\Request))
#25 Z:\home\test1.ru\www\veer\vendor\laravel\framework\src\Illuminate\Foundation\Application.php(708): Illuminate\Foundation\Application->dispatch(Object(Illuminate\Http\Request))
#26 Z:\home\test1.ru\www\veer\vendor\laravel\framework\src\Illuminate\Http\FrameGuard.php(38): Illuminate\Foundation\Application->handle(Object(Illuminate\Http\Request), 1, true)
#27 Z:\home\test1.ru\www\veer\vendor\laravel\framework\src\Illuminate\Session\Middleware.php(72): Illuminate\Http\FrameGuard->handle(Object(Illuminate\Http\Request), 1, true)
#28 Z:\home\test1.ru\www\veer\vendor\laravel\framework\src\Illuminate\Cookie\Queue.php(47): Illuminate\Session\Middleware->handle(Object(Illuminate\Http\Request), 1, true)
#29 Z:\home\test1.ru\www\veer\vendor\laravel\framework\src\Illuminate\Cookie\Guard.php(51): Illuminate\Cookie\Queue->handle(Object(Illuminate\Http\Request), 1, true)
#30 Z:\home\test1.ru\www\veer\vendor\stack\builder\src\Stack\StackedHttpKernel.php(23): Illuminate\Cookie\Guard->handle(Object(Illuminate\Http\Request), 1, true)
#31 Z:\home\test1.ru\www\veer\vendor\laravel\framework\src\Illuminate\Foundation\Application.php(606): Stack\StackedHttpKernel->handle(Object(Illuminate\Http\Request))
#32 Z:\home\test1.ru\www\veer\index.php(16): Illuminate\Foundation\Application->run()
#33 {main} [] []
[2014-12-06 09:36:21] local.ERROR: exception 'InvalidArgumentException' with message 'View [template-default.attribute] not found.' in Z:\home\test1.ru\www\veer\vendor\laravel\framework\src\Illuminate\View\FileViewFinder.php:139
Stack trace:
#0 Z:\home\test1.ru\www\veer\vendor\laravel\framework\src\Illuminate\View\FileViewFinder.php(76): Illuminate\View\FileViewFinder->findInPaths('template-defaul...', Array)
#1 Z:\home\test1.ru\www\veer\vendor\laravel\framework\src\Illuminate\View\Environment.php(115): Illuminate\View\FileViewFinder->find('template-defaul...')
#2 Z:\home\test1.ru\www\veer\app\lib\helpers.php(252): Illuminate\View\Environment->make('template-defaul...', Array, Array)
#3 Z:\home\test1.ru\www\veer\app\controllers\AttributeController.php(102): view('template-defaul...', Array)
#4 [internal function]: AttributeController->show('8.9')
#5 Z:\home\test1.ru\www\veer\vendor\laravel\framework\src\Illuminate\Routing\Controller.php(231): call_user_func_array(Array, Array)
#6 Z:\home\test1.ru\www\veer\vendor\laravel\framework\src\Illuminate\Routing\ControllerDispatcher.php(93): Illuminate\Routing\Controller->callAction('show', Array)
#7 Z:\home\test1.ru\www\veer\vendor\laravel\framework\src\Illuminate\Routing\ControllerDispatcher.php(62): Illuminate\Routing\ControllerDispatcher->call(Object(AttributeController), Object(Illuminate\Routing\Route), 'show')
#8 Z:\home\test1.ru\www\veer\vendor\laravel\framework\src\Illuminate\Routing\Router.php(934): Illuminate\Routing\ControllerDispatcher->dispatch(Object(Illuminate\Routing\Route), Object(Illuminate\Http\Request), 'AttributeContro...', 'show')
#9 [internal function]: Illuminate\Routing\{closure}('8.9')
#10 Z:\home\test1.ru\www\veer\vendor\laravel\framework\src\Illuminate\Routing\Route.php(104): call_user_func_array(Object(Closure), Array)
#11 Z:\home\test1.ru\www\veer\vendor\laravel\framework\src\Illuminate\Routing\Router.php(1000): Illuminate\Routing\Route->run(Object(Illuminate\Http\Request))
#12 Z:\home\test1.ru\www\veer\vendor\laravel\framework\src\Illuminate\Routing\Router.php(968): Illuminate\Routing\Router->dispatchToRoute(Object(Illuminate\Http\Request))
#13 Z:\home\test1.ru\www\veer\vendor\laravel\framework\src\Illuminate\Foundation\Application.php(738): Illuminate\Routing\Router->dispatch(Object(Illuminate\Http\Request))
#14 Z:\home\test1.ru\www\veer\vendor\laravel\framework\src\Illuminate\Foundation\Application.php(708): Illuminate\Foundation\Application->dispatch(Object(Illuminate\Http\Request))
#15 Z:\home\test1.ru\www\veer\vendor\laravel\framework\src\Illuminate\Http\FrameGuard.php(38): Illuminate\Foundation\Application->handle(Object(Illuminate\Http\Request), 1, true)
#16 Z:\home\test1.ru\www\veer\vendor\laravel\framework\src\Illuminate\Session\Middleware.php(72): Illuminate\Http\FrameGuard->handle(Object(Illuminate\Http\Request), 1, true)
#17 Z:\home\test1.ru\www\veer\vendor\laravel\framework\src\Illuminate\Cookie\Queue.php(47): Illuminate\Session\Middleware->handle(Object(Illuminate\Http\Request), 1, true)
#18 Z:\home\test1.ru\www\veer\vendor\laravel\framework\src\Illuminate\Cookie\Guard.php(51): Illuminate\Cookie\Queue->handle(Object(Illuminate\Http\Request), 1, true)
#19 Z:\home\test1.ru\www\veer\vendor\stack\builder\src\Stack\StackedHttpKernel.php(23): Illuminate\Cookie\Guard->handle(Object(Illuminate\Http\Request), 1, true)
#20 Z:\home\test1.ru\www\veer\vendor\laravel\framework\src\Illuminate\Foundation\Application.php(606): Stack\StackedHttpKernel->handle(Object(Illuminate\Http\Request))
#21 Z:\home\test1.ru\www\veer\index.php(16): Illuminate\Foundation\Application->run()
#22 {main} [] []
